2025-02-12T08:46:01+00:00 INFO Array
(
    [Webhook Delivery] => Array
        (
            [Delivery ID] => 49328a47748f3a175065626fe721246a
            [Date] => Feb 12, 2025 @ 8:46
            [URL] => https://api.sandbox.bobgo.co.za/webhook/channel?channel=f22cff93-8915-416d-bdd7-1553e529219c
            [Duration] => 0.68553
            [Request] => Array
                (
                    [Method] => POST
                    [Headers] => Array
                        (
                            [User-Agent] => WooCommerce/9.6.1 Hookshot (WordPress/6.7.1)
                            [Content-Type] => application/json
                            [X-WC-Webhook-Source] => https://www.peacherp.com/coach/
                            [X-WC-Webhook-Topic] => order.updated
                            [X-WC-Webhook-Resource] => order
                            [X-WC-Webhook-Event] => updated
                            [X-WC-Webhook-Signature] => lQ4lSIsZhUyu861CKmnCEZ8Ul7JffGDWFCOyOtFZpuU=
                            [X-WC-Webhook-ID] => 3
                            [X-WC-Webhook-Delivery-ID] => 49328a47748f3a175065626fe721246a
                        )

                )

            [Body] => Webhook body is not logged unless WP_DEBUG mode is turned on. This is to avoid the storing of personal data in the logs.
            [Response] => Array
                (
                    [Code] => 200
                    [Message] => OK
                    [Headers] => WpOrg\Requests\Utility\CaseInsensitiveDictionary Object
                        (
                            [data:protected] => Array
                                (
                                    [date] => Wed, 12 Feb 2025 08:46:01 GMT
                                    [content-type] => application/json
                                    [content-length] => 4
                                    [x-request-id] => 55d9c680-4d33-4a0e-8227-64ad2fac5785
                                    [bob-go-request-id] => 55d9c680-4d33-4a0e-8227-64ad2fac5785
                                    [apigw-requestid] => F3Pnli4zifMEM_A=
                                )

                        )

                    [Body] => Webhook body is not logged unless WP_DEBUG mode is turned on. This is to avoid the storing of personal data in the logs.
                )

        )

)
2025-02-12T08:46:02+00:00 INFO Array
(
    [Webhook Delivery] => Array
        (
            [Delivery ID] => 3543f791ed7f3fed73f7e5f8878b8ab4
            [Date] => Feb 12, 2025 @ 8:46
            [URL] => https://api.sandbox.bobgo.co.za/webhook/channel?channel=f22cff93-8915-416d-bdd7-1553e529219c
            [Duration] => 0.54236
            [Request] => Array
                (
                    [Method] => POST
                    [Headers] => Array
                        (
                            [User-Agent] => WooCommerce/9.6.1 Hookshot (WordPress/6.7.1)
                            [Content-Type] => application/json
                            [X-WC-Webhook-Source] => https://www.peacherp.com/coach/
                            [X-WC-Webhook-Topic] => order.created
                            [X-WC-Webhook-Resource] => order
                            [X-WC-Webhook-Event] => created
                            [X-WC-Webhook-Signature] => Hzi8P4OdT0IMw2Tgxzfh8JtHUNHVzlh2sqp2t1Q5ars=
                            [X-WC-Webhook-ID] => 2
                            [X-WC-Webhook-Delivery-ID] => 3543f791ed7f3fed73f7e5f8878b8ab4
                        )

                )

            [Body] => Webhook body is not logged unless WP_DEBUG mode is turned on. This is to avoid the storing of personal data in the logs.
            [Response] => Array
                (
                    [Code] => 200
                    [Message] => OK
                    [Headers] => WpOrg\Requests\Utility\CaseInsensitiveDictionary Object
                        (
                            [data:protected] => Array
                                (
                                    [date] => Wed, 12 Feb 2025 08:46:02 GMT
                                    [content-type] => application/json
                                    [content-length] => 4
                                    [x-request-id] => 804742cf-f1e0-4a3c-8878-e255f108df38
                                    [bob-go-request-id] => 804742cf-f1e0-4a3c-8878-e255f108df38
                                    [apigw-requestid] => F3Pnrg-aifMEMMA=
                                )

                        )

                    [Body] => Webhook body is not logged unless WP_DEBUG mode is turned on. This is to avoid the storing of personal data in the logs.
                )

        )

)
2025-02-12T10:29:41+00:00 INFO Array
(
    [Webhook Delivery] => Array
        (
            [Delivery ID] => 4751091c1f8bec83ef326cdf23ce5bea
            [Date] => Feb 12, 2025 @ 10:29
            [URL] => https://api.sandbox.bobgo.co.za/webhook/channel?channel=f22cff93-8915-416d-bdd7-1553e529219c
            [Duration] => 0.66322
            [Request] => Array
                (
                    [Method] => POST
                    [Headers] => Array
                        (
                            [User-Agent] => WooCommerce/9.6.1 Hookshot (WordPress/6.7.1)
                            [Content-Type] => application/json
                            [X-WC-Webhook-Source] => https://www.peacherp.com/coach/
                            [X-WC-Webhook-Topic] => order.updated
                            [X-WC-Webhook-Resource] => order
                            [X-WC-Webhook-Event] => updated
                            [X-WC-Webhook-Signature] => 1Omr/0I9KeEitkcaTMUbBdNo7BNPxXEk48Bdhjom90k=
                            [X-WC-Webhook-ID] => 3
                            [X-WC-Webhook-Delivery-ID] => 4751091c1f8bec83ef326cdf23ce5bea
                        )

                )

            [Body] => Webhook body is not logged unless WP_DEBUG mode is turned on. This is to avoid the storing of personal data in the logs.
            [Response] => Array
                (
                    [Code] => 200
                    [Message] => OK
                    [Headers] => WpOrg\Requests\Utility\CaseInsensitiveDictionary Object
                        (
                            [data:protected] => Array
                                (
                                    [date] => Wed, 12 Feb 2025 10:29:41 GMT
                                    [content-type] => application/json
                                    [content-length] => 4
                                    [x-request-id] => cb0adc99-a1bb-4696-906d-223466c48155
                                    [bob-go-request-id] => cb0adc99-a1bb-4696-906d-223466c48155
                                    [apigw-requestid] => F3ezXggECfMEJxw=
                                )

                        )

                    [Body] => Webhook body is not logged unless WP_DEBUG mode is turned on. This is to avoid the storing of personal data in the logs.
                )

        )

)
2025-02-12T10:29:41+00:00 INFO Array
(
    [Webhook Delivery] => Array
        (
            [Delivery ID] => c126cbd5cdd656ec63eb72907c2c8983
            [Date] => Feb 12, 2025 @ 10:29
            [URL] => https://api.sandbox.bobgo.co.za/webhook/channel?channel=f22cff93-8915-416d-bdd7-1553e529219c
            [Duration] => 0.5435
            [Request] => Array
                (
                    [Method] => POST
                    [Headers] => Array
                        (
                            [User-Agent] => WooCommerce/9.6.1 Hookshot (WordPress/6.7.1)
                            [Content-Type] => application/json
                            [X-WC-Webhook-Source] => https://www.peacherp.com/coach/
                            [X-WC-Webhook-Topic] => order.created
                            [X-WC-Webhook-Resource] => order
                            [X-WC-Webhook-Event] => created
                            [X-WC-Webhook-Signature] => cNxYlZIDD34tGP9E77Zykjj1YFVLOM0WqXRmMRwLZqo=
                            [X-WC-Webhook-ID] => 2
                            [X-WC-Webhook-Delivery-ID] => c126cbd5cdd656ec63eb72907c2c8983
                        )

                )

            [Body] => Webhook body is not logged unless WP_DEBUG mode is turned on. This is to avoid the storing of personal data in the logs.
            [Response] => Array
                (
                    [Code] => 200
                    [Message] => OK
                    [Headers] => WpOrg\Requests\Utility\CaseInsensitiveDictionary Object
                        (
                            [data:protected] => Array
                                (
                                    [date] => Wed, 12 Feb 2025 10:29:41 GMT
                                    [content-type] => application/json
                                    [content-length] => 4
                                    [bob-go-request-id] => 2d1760d2-5f95-4a2f-8fa8-5ecf5348a167
                                    [x-request-id] => 2d1760d2-5f95-4a2f-8fa8-5ecf5348a167
                                    [apigw-requestid] => F3ezdjFYifMEJEA=
                                )

                        )

                    [Body] => Webhook body is not logged unless WP_DEBUG mode is turned on. This is to avoid the storing of personal data in the logs.
                )

        )

)
2025-02-12T10:30:15+00:00 INFO Array
(
    [Webhook Delivery] => Array
        (
            [Delivery ID] => ba8199d31251df58e504ef692030d27c
            [Date] => Feb 12, 2025 @ 10:30
            [URL] => https://api.sandbox.bobgo.co.za/webhook/channel?channel=f22cff93-8915-416d-bdd7-1553e529219c
            [Duration] => 0.60294
            [Request] => Array
                (
                    [Method] => POST
                    [Headers] => Array
                        (
                            [User-Agent] => WooCommerce/9.6.1 Hookshot (WordPress/6.7.1)
                            [Content-Type] => application/json
                            [X-WC-Webhook-Source] => https://www.peacherp.com/coach/
                            [X-WC-Webhook-Topic] => order.updated
                            [X-WC-Webhook-Resource] => order
                            [X-WC-Webhook-Event] => updated
                            [X-WC-Webhook-Signature] => JKKWMMDWMCnulNs39Sd7m7D3dN3Ps5akgTGQ3gN+ZJw=
                            [X-WC-Webhook-ID] => 3
                            [X-WC-Webhook-Delivery-ID] => ba8199d31251df58e504ef692030d27c
                        )

                )

            [Body] => Webhook body is not logged unless WP_DEBUG mode is turned on. This is to avoid the storing of personal data in the logs.
            [Response] => Array
                (
                    [Code] => 200
                    [Message] => OK
                    [Headers] => WpOrg\Requests\Utility\CaseInsensitiveDictionary Object
                        (
                            [data:protected] => Array
                                (
                                    [date] => Wed, 12 Feb 2025 10:30:15 GMT
                                    [content-type] => application/json
                                    [content-length] => 4
                                    [x-request-id] => 510b1ae7-ee80-4131-b721-ca9d7d0c62ba
                                    [bob-go-request-id] => 510b1ae7-ee80-4131-b721-ca9d7d0c62ba
                                    [apigw-requestid] => F3e4ui8-CfMEJRA=
                                )

                        )

                    [Body] => Webhook body is not logged unless WP_DEBUG mode is turned on. This is to avoid the storing of personal data in the logs.
                )

        )

)
2025-02-12T10:33:49+00:00 INFO Array
(
    [Webhook Delivery] => Array
        (
            [Delivery ID] => 7b447650cd4caceb5e003b2b20a70820
            [Date] => Feb 12, 2025 @ 10:33
            [URL] => https://api.sandbox.bobgo.co.za/webhook/channel?channel=f22cff93-8915-416d-bdd7-1553e529219c
            [Duration] => 0.75912
            [Request] => Array
                (
                    [Method] => POST
                    [Headers] => Array
                        (
                            [User-Agent] => WooCommerce/9.6.1 Hookshot (WordPress/6.7.1)
                            [Content-Type] => application/json
                            [X-WC-Webhook-Source] => https://www.peacherp.com/coach/
                            [X-WC-Webhook-Topic] => order.updated
                            [X-WC-Webhook-Resource] => order
                            [X-WC-Webhook-Event] => updated
                            [X-WC-Webhook-Signature] => 2iRvrCFYrebMdL29pzdW5S0RC10NslLOz23T5Cq/wCg=
                            [X-WC-Webhook-ID] => 3
                            [X-WC-Webhook-Delivery-ID] => 7b447650cd4caceb5e003b2b20a70820
                        )

                )

            [Body] => Webhook body is not logged unless WP_DEBUG mode is turned on. This is to avoid the storing of personal data in the logs.
            [Response] => Array
                (
                    [Code] => 200
                    [Message] => OK
                    [Headers] => WpOrg\Requests\Utility\CaseInsensitiveDictionary Object
                        (
                            [data:protected] => Array
                                (
                                    [date] => Wed, 12 Feb 2025 10:33:49 GMT
                                    [content-type] => application/json
                                    [content-length] => 4
                                    [x-request-id] => dc74ec80-f779-4c0e-9607-9414d93aaf3a
                                    [bob-go-request-id] => dc74ec80-f779-4c0e-9607-9414d93aaf3a
                                    [apigw-requestid] => F3faFgQFCfMEP7A=
                                )

                        )

                    [Body] => Webhook body is not logged unless WP_DEBUG mode is turned on. This is to avoid the storing of personal data in the logs.
                )

        )

)
2025-02-12T10:36:20+00:00 INFO Array
(
    [Webhook Delivery] => Array
        (
            [Delivery ID] => 5eb2aa98b9519a1bf589c511da240e3e
            [Date] => Feb 12, 2025 @ 10:36
            [URL] => https://api.sandbox.bobgo.co.za/webhook/channel?channel=f22cff93-8915-416d-bdd7-1553e529219c
            [Duration] => 0.80152
            [Request] => Array
                (
                    [Method] => POST
                    [Headers] => Array
                        (
                            [User-Agent] => WooCommerce/9.6.1 Hookshot (WordPress/6.7.1)
                            [Content-Type] => application/json
                            [X-WC-Webhook-Source] => https://www.peacherp.com/coach/
                            [X-WC-Webhook-Topic] => order.updated
                            [X-WC-Webhook-Resource] => order
                            [X-WC-Webhook-Event] => updated
                            [X-WC-Webhook-Signature] => XSmUzY6NOWlyFdm4GZAA37HOYj0opDGi27HIi5Ciau0=
                            [X-WC-Webhook-ID] => 3
                            [X-WC-Webhook-Delivery-ID] => 5eb2aa98b9519a1bf589c511da240e3e
                        )

                )

            [Body] => Webhook body is not logged unless WP_DEBUG mode is turned on. This is to avoid the storing of personal data in the logs.
            [Response] => Array
                (
                    [Code] => 200
                    [Message] => OK
                    [Headers] => WpOrg\Requests\Utility\CaseInsensitiveDictionary Object
                        (
                            [data:protected] => Array
                                (
                                    [date] => Wed, 12 Feb 2025 10:36:20 GMT
                                    [content-type] => application/json
                                    [content-length] => 4
                                    [x-request-id] => ea96e769-d1c7-4071-9d06-1b70c2dcf4ef
                                    [bob-go-request-id] => ea96e769-d1c7-4071-9d06-1b70c2dcf4ef
                                    [apigw-requestid] => F3fxxiPnifMEMCA=
                                )

                        )

                    [Body] => Webhook body is not logged unless WP_DEBUG mode is turned on. This is to avoid the storing of personal data in the logs.
                )

        )

)
2025-02-12T10:41:28+00:00 INFO Array
(
    [Webhook Delivery] => Array
        (
            [Delivery ID] => 9cd5b96a6154853534f61568329be07f
            [Date] => Feb 12, 2025 @ 10:41
            [URL] => https://api.sandbox.bobgo.co.za/webhook/channel?channel=f22cff93-8915-416d-bdd7-1553e529219c
            [Duration] => 0.53989
            [Request] => Array
                (
                    [Method] => POST
                    [Headers] => Array
                        (
                            [User-Agent] => WooCommerce/9.6.1 Hookshot (WordPress/6.7.1)
                            [Content-Type] => application/json
                            [X-WC-Webhook-Source] => https://www.peacherp.com/coach/
                            [X-WC-Webhook-Topic] => action.woocommerce_settings_saved
                            [X-WC-Webhook-Resource] => action
                            [X-WC-Webhook-Event] => woocommerce_settings_saved
                            [X-WC-Webhook-Signature] => AH8GiOxaCkQOi50+mTNZvH4wTJaEhCsIX/ssNYt6T7U=
                            [X-WC-Webhook-ID] => 4
                            [X-WC-Webhook-Delivery-ID] => 9cd5b96a6154853534f61568329be07f
                        )

                )

            [Body] => Webhook body is not logged unless WP_DEBUG mode is turned on. This is to avoid the storing of personal data in the logs.
            [Response] => Array
                (
                    [Code] => 200
                    [Message] => OK
                    [Headers] => WpOrg\Requests\Utility\CaseInsensitiveDictionary Object
                        (
                            [data:protected] => Array
                                (
                                    [date] => Wed, 12 Feb 2025 10:41:28 GMT
                                    [content-type] => application/json
                                    [content-length] => 4
                                    [x-request-id] => 446edfdf-9143-44f6-89a5-e7835a3b6d64
                                    [bob-go-request-id] => 446edfdf-9143-44f6-89a5-e7835a3b6d64
                                    [apigw-requestid] => F3gh6jiSifMEM_A=
                                )

                        )

                    [Body] => Webhook body is not logged unless WP_DEBUG mode is turned on. This is to avoid the storing of personal data in the logs.
                )

        )

)
2025-02-12T11:37:39+00:00 INFO Array
(
    [Webhook Delivery] => Array
        (
            [Delivery ID] => 9a8db131db6ee5ea6dbebdc140622d61
            [Date] => Feb 12, 2025 @ 11:37
            [URL] => https://api.sandbox.bobgo.co.za/webhook/channel?channel=f22cff93-8915-416d-bdd7-1553e529219c
            [Duration] => 0.72665
            [Request] => Array
                (
                    [Method] => POST
                    [Headers] => Array
                        (
                            [User-Agent] => WooCommerce/9.6.1 Hookshot (WordPress/6.7.1)
                            [Content-Type] => application/json
                            [X-WC-Webhook-Source] => https://www.peacherp.com/coach/
                            [X-WC-Webhook-Topic] => order.updated
                            [X-WC-Webhook-Resource] => order
                            [X-WC-Webhook-Event] => updated
                            [X-WC-Webhook-Signature] => /gQyoSLL3glQOiXTrF7ssyJmPUhLp8db30ibndqF1WU=
                            [X-WC-Webhook-ID] => 3
                            [X-WC-Webhook-Delivery-ID] => 9a8db131db6ee5ea6dbebdc140622d61
                        )

                )

            [Body] => Webhook body is not logged unless WP_DEBUG mode is turned on. This is to avoid the storing of personal data in the logs.
            [Response] => Array
                (
                    [Code] => 200
                    [Message] => OK
                    [Headers] => WpOrg\Requests\Utility\CaseInsensitiveDictionary Object
                        (
                            [data:protected] => Array
                                (
                                    [date] => Wed, 12 Feb 2025 11:37:39 GMT
                                    [content-type] => application/json
                                    [content-length] => 4
                                    [x-request-id] => d54a789d-6309-497f-84a7-fb9cd6343adb
                                    [bob-go-request-id] => d54a789d-6309-497f-84a7-fb9cd6343adb
                                    [apigw-requestid] => F3owjjlqifMEP5A=
                                )

                        )

                    [Body] => Webhook body is not logged unless WP_DEBUG mode is turned on. This is to avoid the storing of personal data in the logs.
                )

        )

)
2025-02-12T11:39:42+00:00 INFO Array
(
    [Webhook Delivery] => Array
        (
            [Delivery ID] => 84903c0be8f7c3a93dd27580f3e7c2c5
            [Date] => Feb 12, 2025 @ 11:39
            [URL] => https://api.sandbox.bobgo.co.za/webhook/channel?channel=f22cff93-8915-416d-bdd7-1553e529219c
            [Duration] => 0.6105
            [Request] => Array
                (
                    [Method] => POST
                    [Headers] => Array
                        (
                            [User-Agent] => WooCommerce/9.6.1 Hookshot (WordPress/6.7.1)
                            [Content-Type] => application/json
                            [X-WC-Webhook-Source] => https://www.peacherp.com/coach/
                            [X-WC-Webhook-Topic] => order.updated
                            [X-WC-Webhook-Resource] => order
                            [X-WC-Webhook-Event] => updated
                            [X-WC-Webhook-Signature] => bWLkAYo0QMVcHqXsUP3bXsZ9OP/SHzR7TH2+gHAvZIk=
                            [X-WC-Webhook-ID] => 3
                            [X-WC-Webhook-Delivery-ID] => 84903c0be8f7c3a93dd27580f3e7c2c5
                        )

                )

            [Body] => Webhook body is not logged unless WP_DEBUG mode is turned on. This is to avoid the storing of personal data in the logs.
            [Response] => Array
                (
                    [Code] => 200
                    [Message] => OK
                    [Headers] => WpOrg\Requests\Utility\CaseInsensitiveDictionary Object
                        (
                            [data:protected] => Array
                                (
                                    [date] => Wed, 12 Feb 2025 11:39:42 GMT
                                    [content-type] => application/json
                                    [content-length] => 4
                                    [x-request-id] => d8f76193-5d58-474c-8b1c-61d9a3d9230a
                                    [bob-go-request-id] => d8f76193-5d58-474c-8b1c-61d9a3d9230a
                                    [apigw-requestid] => F3pD0hcNCfMEQXQ=
                                )

                        )

                    [Body] => Webhook body is not logged unless WP_DEBUG mode is turned on. This is to avoid the storing of personal data in the logs.
                )

        )

)
2025-02-12T11:39:43+00:00 INFO Array
(
    [Webhook Delivery] => Array
        (
            [Delivery ID] => 506f413d4d849f6f9c6604e31a6d5d38
            [Date] => Feb 12, 2025 @ 11:39
            [URL] => https://api.sandbox.bobgo.co.za/webhook/channel?channel=f22cff93-8915-416d-bdd7-1553e529219c
            [Duration] => 0.51648
            [Request] => Array
                (
                    [Method] => POST
                    [Headers] => Array
                        (
                            [User-Agent] => WooCommerce/9.6.1 Hookshot (WordPress/6.7.1)
                            [Content-Type] => application/json
                            [X-WC-Webhook-Source] => https://www.peacherp.com/coach/
                            [X-WC-Webhook-Topic] => order.created
                            [X-WC-Webhook-Resource] => order
                            [X-WC-Webhook-Event] => created
                            [X-WC-Webhook-Signature] => 08A92GDhBL9+ANDkuFTKhfUghNs5AZjsdwUuLAfHlQE=
                            [X-WC-Webhook-ID] => 2
                            [X-WC-Webhook-Delivery-ID] => 506f413d4d849f6f9c6604e31a6d5d38
                        )

                )

            [Body] => Webhook body is not logged unless WP_DEBUG mode is turned on. This is to avoid the storing of personal data in the logs.
            [Response] => Array
                (
                    [Code] => 200
                    [Message] => OK
                    [Headers] => WpOrg\Requests\Utility\CaseInsensitiveDictionary Object
                        (
                            [data:protected] => Array
                                (
                                    [date] => Wed, 12 Feb 2025 11:39:42 GMT
                                    [content-type] => application/json
                                    [content-length] => 4
                                    [x-request-id] => 9b3a4e5f-a083-424b-bc42-af61c09d27a8
                                    [bob-go-request-id] => 9b3a4e5f-a083-424b-bc42-af61c09d27a8
                                    [apigw-requestid] => F3pD5hcUCfMEQXQ=
                                )

                        )

                    [Body] => Webhook body is not logged unless WP_DEBUG mode is turned on. This is to avoid the storing of personal data in the logs.
                )

        )

)
2025-02-12T11:40:42+00:00 INFO Array
(
    [Webhook Delivery] => Array
        (
            [Delivery ID] => 40530adce7599d932f2eee7100ec48c8
            [Date] => Feb 12, 2025 @ 11:40
            [URL] => https://api.sandbox.bobgo.co.za/webhook/channel?channel=f22cff93-8915-416d-bdd7-1553e529219c
            [Duration] => 0.67876
            [Request] => Array
                (
                    [Method] => POST
                    [Headers] => Array
                        (
                            [User-Agent] => WooCommerce/9.6.1 Hookshot (WordPress/6.7.1)
                            [Content-Type] => application/json
                            [X-WC-Webhook-Source] => https://www.peacherp.com/coach/
                            [X-WC-Webhook-Topic] => order.updated
                            [X-WC-Webhook-Resource] => order
                            [X-WC-Webhook-Event] => updated
                            [X-WC-Webhook-Signature] => O0Tmtjvv4IJhXxd2MOpeEqPoGwVqPolY3cdsfbARulw=
                            [X-WC-Webhook-ID] => 3
                            [X-WC-Webhook-Delivery-ID] => 40530adce7599d932f2eee7100ec48c8
                        )

                )

            [Body] => Webhook body is not logged unless WP_DEBUG mode is turned on. This is to avoid the storing of personal data in the logs.
            [Response] => Array
                (
                    [Code] => 200
                    [Message] => OK
                    [Headers] => WpOrg\Requests\Utility\CaseInsensitiveDictionary Object
                        (
                            [data:protected] => Array
                                (
                                    [date] => Wed, 12 Feb 2025 11:40:41 GMT
                                    [content-type] => application/json
                                    [content-length] => 4
                                    [x-request-id] => 78adf906-5cd6-43d9-9338-89f3f6d78314
                                    [bob-go-request-id] => 78adf906-5cd6-43d9-9338-89f3f6d78314
                                    [apigw-requestid] => F3pNGjvlifMEMMA=
                                )

                        )

                    [Body] => Webhook body is not logged unless WP_DEBUG mode is turned on. This is to avoid the storing of personal data in the logs.
                )

        )

)
2025-02-12T11:41:42+00:00 INFO Array
(
    [Webhook Delivery] => Array
        (
            [Delivery ID] => 9a81a43ee94a2974110d9e9e7fd2b892
            [Date] => Feb 12, 2025 @ 11:41
            [URL] => https://api.sandbox.bobgo.co.za/webhook/channel?channel=f22cff93-8915-416d-bdd7-1553e529219c
            [Duration] => 0.59541
            [Request] => Array
                (
                    [Method] => POST
                    [Headers] => Array
                        (
                            [User-Agent] => WooCommerce/9.6.1 Hookshot (WordPress/6.7.1)
                            [Content-Type] => application/json
                            [X-WC-Webhook-Source] => https://www.peacherp.com/coach/
                            [X-WC-Webhook-Topic] => order.updated
                            [X-WC-Webhook-Resource] => order
                            [X-WC-Webhook-Event] => updated
                            [X-WC-Webhook-Signature] => 9+n/xBRTyA/nYL5QcqpmgKYTKLvjtSoWR9RhyBRpJ9Y=
                            [X-WC-Webhook-ID] => 3
                            [X-WC-Webhook-Delivery-ID] => 9a81a43ee94a2974110d9e9e7fd2b892
                        )

                )

            [Body] => Webhook body is not logged unless WP_DEBUG mode is turned on. This is to avoid the storing of personal data in the logs.
            [Response] => Array
                (
                    [Code] => 200
                    [Message] => OK
                    [Headers] => WpOrg\Requests\Utility\CaseInsensitiveDictionary Object
                        (
                            [data:protected] => Array
                                (
                                    [date] => Wed, 12 Feb 2025 11:41:42 GMT
                                    [content-type] => application/json
                                    [content-length] => 4
                                    [bob-go-request-id] => 5fccbdd4-b23d-4845-b4b1-fdd8d600790a
                                    [x-request-id] => 5fccbdd4-b23d-4845-b4b1-fdd8d600790a
                                    [apigw-requestid] => F3pWiiehifMEM-A=
                                )

                        )

                    [Body] => Webhook body is not logged unless WP_DEBUG mode is turned on. This is to avoid the storing of personal data in the logs.
                )

        )

)
2025-02-12T11:41:42+00:00 INFO Array
(
    [Webhook Delivery] => Array
        (
            [Delivery ID] => aa7ab92c65a674cf0070409c85fac5bd
            [Date] => Feb 12, 2025 @ 11:41
            [URL] => https://api.sandbox.bobgo.co.za/webhook/channel?channel=f22cff93-8915-416d-bdd7-1553e529219c
            [Duration] => 0.50412
            [Request] => Array
                (
                    [Method] => POST
                    [Headers] => Array
                        (
                            [User-Agent] => WooCommerce/9.6.1 Hookshot (WordPress/6.7.1)
                            [Content-Type] => application/json
                            [X-WC-Webhook-Source] => https://www.peacherp.com/coach/
                            [X-WC-Webhook-Topic] => order.created
                            [X-WC-Webhook-Resource] => order
                            [X-WC-Webhook-Event] => created
                            [X-WC-Webhook-Signature] => pxW4HdSvS3kRJCfU+INUnm+XKbaUmhvIQomwkneekCg=
                            [X-WC-Webhook-ID] => 2
                            [X-WC-Webhook-Delivery-ID] => aa7ab92c65a674cf0070409c85fac5bd
                        )

                )

            [Body] => Webhook body is not logged unless WP_DEBUG mode is turned on. This is to avoid the storing of personal data in the logs.
            [Response] => Array
                (
                    [Code] => 200
                    [Message] => OK
                    [Headers] => WpOrg\Requests\Utility\CaseInsensitiveDictionary Object
                        (
                            [data:protected] => Array
                                (
                                    [date] => Wed, 12 Feb 2025 11:41:42 GMT
                                    [content-type] => application/json
                                    [content-length] => 4
                                    [x-request-id] => 7b445a50-3e7a-4044-82b9-b4a5e6d234e0
                                    [bob-go-request-id] => 7b445a50-3e7a-4044-82b9-b4a5e6d234e0
                                    [apigw-requestid] => F3pWnjIrCfMEMlg=
                                )

                        )

                    [Body] => Webhook body is not logged unless WP_DEBUG mode is turned on. This is to avoid the storing of personal data in the logs.
                )

        )

)
2025-02-12T12:24:42+00:00 INFO Array
(
    [Webhook Delivery] => Array
        (
            [Delivery ID] => 1cb3ea0db8f647c16e7c02a847d9b6f7
            [Date] => Feb 12, 2025 @ 12:24
            [URL] => https://api.sandbox.bobgo.co.za/webhook/channel?channel=f22cff93-8915-416d-bdd7-1553e529219c
            [Duration] => 0.60206
            [Request] => Array
                (
                    [Method] => POST
                    [Headers] => Array
                        (
                            [User-Agent] => WooCommerce/9.6.1 Hookshot (WordPress/6.7.1)
                            [Content-Type] => application/json
                            [X-WC-Webhook-Source] => https://www.peacherp.com/coach/
                            [X-WC-Webhook-Topic] => order.updated
                            [X-WC-Webhook-Resource] => order
                            [X-WC-Webhook-Event] => updated
                            [X-WC-Webhook-Signature] => o0uDFqD8bLtZ31xGX+vGjf1tPlbd4YIkAAOHX+VdL74=
                            [X-WC-Webhook-ID] => 3
                            [X-WC-Webhook-Delivery-ID] => 1cb3ea0db8f647c16e7c02a847d9b6f7
                        )

                )

            [Body] => Webhook body is not logged unless WP_DEBUG mode is turned on. This is to avoid the storing of personal data in the logs.
            [Response] => Array
                (
                    [Code] => 200
                    [Message] => OK
                    [Headers] => WpOrg\Requests\Utility\CaseInsensitiveDictionary Object
                        (
                            [data:protected] => Array
                                (
                                    [date] => Wed, 12 Feb 2025 12:24:42 GMT
                                    [content-type] => application/json
                                    [content-length] => 4
                                    [x-request-id] => 5f1d58a8-1795-49e3-94ab-f3058f890c38
                                    [bob-go-request-id] => 5f1d58a8-1795-49e3-94ab-f3058f890c38
                                    [apigw-requestid] => F3vpwg0IifMEQXQ=
                                )

                        )

                    [Body] => Webhook body is not logged unless WP_DEBUG mode is turned on. This is to avoid the storing of personal data in the logs.
                )

        )

)
2025-02-12T12:24:43+00:00 INFO Array
(
    [Webhook Delivery] => Array
        (
            [Delivery ID] => 0e94ae3c16314e2d672a8772b59b113e
            [Date] => Feb 12, 2025 @ 12:24
            [URL] => https://api.sandbox.bobgo.co.za/webhook/channel?channel=f22cff93-8915-416d-bdd7-1553e529219c
            [Duration] => 0.51784
            [Request] => Array
                (
                    [Method] => POST
                    [Headers] => Array
                        (
                            [User-Agent] => WooCommerce/9.6.1 Hookshot (WordPress/6.7.1)
                            [Content-Type] => application/json
                            [X-WC-Webhook-Source] => https://www.peacherp.com/coach/
                            [X-WC-Webhook-Topic] => order.created
                            [X-WC-Webhook-Resource] => order
                            [X-WC-Webhook-Event] => created
                            [X-WC-Webhook-Signature] => mqmLcGJ26Eje1wlYhXIF10O396ddB0g96q3K3b4mzd0=
                            [X-WC-Webhook-ID] => 2
                            [X-WC-Webhook-Delivery-ID] => 0e94ae3c16314e2d672a8772b59b113e
                        )

                )

            [Body] => Webhook body is not logged unless WP_DEBUG mode is turned on. This is to avoid the storing of personal data in the logs.
            [Response] => Array
                (
                    [Code] => 200
                    [Message] => OK
                    [Headers] => WpOrg\Requests\Utility\CaseInsensitiveDictionary Object
                        (
                            [data:protected] => Array
                                (
                                    [date] => Wed, 12 Feb 2025 12:24:43 GMT
                                    [content-type] => application/json
                                    [content-length] => 4
                                    [x-request-id] => 26ec02ae-6e16-4bcb-be0a-49ff38933165
                                    [bob-go-request-id] => 26ec02ae-6e16-4bcb-be0a-49ff38933165
                                    [apigw-requestid] => F3vp2jNMifMEP5A=
                                )

                        )

                    [Body] => Webhook body is not logged unless WP_DEBUG mode is turned on. This is to avoid the storing of personal data in the logs.
                )

        )

)
2025-02-12T12:25:22+00:00 INFO Array
(
    [Webhook Delivery] => Array
        (
            [Delivery ID] => 19c05017f2af5690ab355abecac166ce
            [Date] => Feb 12, 2025 @ 12:25
            [URL] => https://api.sandbox.bobgo.co.za/webhook/channel?channel=f22cff93-8915-416d-bdd7-1553e529219c
            [Duration] => 0.62885
            [Request] => Array
                (
                    [Method] => POST
                    [Headers] => Array
                        (
                            [User-Agent] => WooCommerce/9.6.1 Hookshot (WordPress/6.7.1)
                            [Content-Type] => application/json
                            [X-WC-Webhook-Source] => https://www.peacherp.com/coach/
                            [X-WC-Webhook-Topic] => order.updated
                            [X-WC-Webhook-Resource] => order
                            [X-WC-Webhook-Event] => updated
                            [X-WC-Webhook-Signature] => bUmPrZt4UD3Ig9sPKO9kVifbXNsefT3xaRKRXmaPFwE=
                            [X-WC-Webhook-ID] => 3
                            [X-WC-Webhook-Delivery-ID] => 19c05017f2af5690ab355abecac166ce
                        )

                )

            [Body] => Webhook body is not logged unless WP_DEBUG mode is turned on. This is to avoid the storing of personal data in the logs.
            [Response] => Array
                (
                    [Code] => 200
                    [Message] => OK
                    [Headers] => WpOrg\Requests\Utility\CaseInsensitiveDictionary Object
                        (
                            [data:protected] => Array
                                (
                                    [date] => Wed, 12 Feb 2025 12:25:22 GMT
                                    [content-type] => application/json
                                    [content-length] => 4
                                    [x-request-id] => 4567bbb7-9fec-4127-9e82-d0d29dada1d8
                                    [bob-go-request-id] => 4567bbb7-9fec-4127-9e82-d0d29dada1d8
                                    [apigw-requestid] => F3vv8j2DCfMEPlQ=
                                )

                        )

                    [Body] => Webhook body is not logged unless WP_DEBUG mode is turned on. This is to avoid the storing of personal data in the logs.
                )

        )

)
2025-02-12T12:26:47+00:00 INFO Array
(
    [Webhook Delivery] => Array
        (
            [Delivery ID] => 752d7cece61c78c067c2cc9d7fd0eca4
            [Date] => Feb 12, 2025 @ 12:26
            [URL] => https://api.sandbox.bobgo.co.za/webhook/channel?channel=f22cff93-8915-416d-bdd7-1553e529219c
            [Duration] => 0.7897
            [Request] => Array
                (
                    [Method] => POST
                    [Headers] => Array
                        (
                            [User-Agent] => WooCommerce/9.6.1 Hookshot (WordPress/6.7.1)
                            [Content-Type] => application/json
                            [X-WC-Webhook-Source] => https://www.peacherp.com/coach/
                            [X-WC-Webhook-Topic] => order.updated
                            [X-WC-Webhook-Resource] => order
                            [X-WC-Webhook-Event] => updated
                            [X-WC-Webhook-Signature] => jrLgy7GKfLK97W6y3RkUDmNwzjW9y7M3YFfkYfqMuwo=
                            [X-WC-Webhook-ID] => 3
                            [X-WC-Webhook-Delivery-ID] => 752d7cece61c78c067c2cc9d7fd0eca4
                        )

                )

            [Body] => Webhook body is not logged unless WP_DEBUG mode is turned on. This is to avoid the storing of personal data in the logs.
            [Response] => Array
                (
                    [Code] => 200
                    [Message] => OK
                    [Headers] => WpOrg\Requests\Utility\CaseInsensitiveDictionary Object
                        (
                            [data:protected] => Array
                                (
                                    [date] => Wed, 12 Feb 2025 12:26:47 GMT
                                    [content-type] => application/json
                                    [content-length] => 4
                                    [x-request-id] => b89ff226-8144-4ec7-a3e1-a7393c7dbc6e
                                    [bob-go-request-id] => b89ff226-8144-4ec7-a3e1-a7393c7dbc6e
                                    [apigw-requestid] => F3v9PglNCfMEJEA=
                                )

                        )

                    [Body] => Webhook body is not logged unless WP_DEBUG mode is turned on. This is to avoid the storing of personal data in the logs.
                )

        )

)
2025-02-12T12:29:13+00:00 INFO Array
(
    [Webhook Delivery] => Array
        (
            [Delivery ID] => 2dfb44848789c65b485564973174b164
            [Date] => Feb 12, 2025 @ 12:29
            [URL] => https://api.sandbox.bobgo.co.za/webhook/channel?channel=f22cff93-8915-416d-bdd7-1553e529219c
            [Duration] => 0.66798
            [Request] => Array
                (
                    [Method] => POST
                    [Headers] => Array
                        (
                            [User-Agent] => WooCommerce/9.6.1 Hookshot (WordPress/6.7.1)
                            [Content-Type] => application/json
                            [X-WC-Webhook-Source] => https://www.peacherp.com/coach/
                            [X-WC-Webhook-Topic] => order.updated
                            [X-WC-Webhook-Resource] => order
                            [X-WC-Webhook-Event] => updated
                            [X-WC-Webhook-Signature] => afFq68evUIwhiTlUTHP6NkQdhZjPtgydSo3qPtuAQQU=
                            [X-WC-Webhook-ID] => 3
                            [X-WC-Webhook-Delivery-ID] => 2dfb44848789c65b485564973174b164
                        )

                )

            [Body] => Webhook body is not logged unless WP_DEBUG mode is turned on. This is to avoid the storing of personal data in the logs.
            [Response] => Array
                (
                    [Code] => 200
                    [Message] => OK
                    [Headers] => WpOrg\Requests\Utility\CaseInsensitiveDictionary Object
                        (
                            [data:protected] => Array
                                (
                                    [date] => Wed, 12 Feb 2025 12:29:13 GMT
                                    [content-type] => application/json
                                    [content-length] => 4
                                    [x-request-id] => 118f583a-58e1-4b26-b3bb-8ced4d7b77f0
                                    [bob-go-request-id] => 118f583a-58e1-4b26-b3bb-8ced4d7b77f0
                                    [apigw-requestid] => F3wT9hqUifMEJbg=
                                )

                        )

                    [Body] => Webhook body is not logged unless WP_DEBUG mode is turned on. This is to avoid the storing of personal data in the logs.
                )

        )

)
2025-02-12T13:10:37+00:00 INFO Array
(
    [Webhook Delivery] => Array
        (
            [Delivery ID] => 85c134420ea315904da785015f97d1fa
            [Date] => Feb 12, 2025 @ 13:10
            [URL] => https://api.sandbox.bobgo.co.za/webhook/channel?channel=f22cff93-8915-416d-bdd7-1553e529219c
            [Duration] => 0.85717
            [Request] => Array
                (
                    [Method] => POST
                    [Headers] => Array
                        (
                            [User-Agent] => WooCommerce/9.6.1 Hookshot (WordPress/6.7.1)
                            [Content-Type] => application/json
                            [X-WC-Webhook-Source] => https://www.peacherp.com/coach/
                            [X-WC-Webhook-Topic] => order.updated
                            [X-WC-Webhook-Resource] => order
                            [X-WC-Webhook-Event] => updated
                            [X-WC-Webhook-Signature] => wffTBGm8Kc06Qn4WSlI2CxVVz8K/7iF9IQEkdlN8bzk=
                            [X-WC-Webhook-ID] => 3
                            [X-WC-Webhook-Delivery-ID] => 85c134420ea315904da785015f97d1fa
                        )

                )

            [Body] => Webhook body is not logged unless WP_DEBUG mode is turned on. This is to avoid the storing of personal data in the logs.
            [Response] => Array
                (
                    [Code] => 200
                    [Message] => OK
                    [Headers] => WpOrg\Requests\Utility\CaseInsensitiveDictionary Object
                        (
                            [data:protected] => Array
                                (
                                    [date] => Wed, 12 Feb 2025 13:10:37 GMT
                                    [content-type] => application/json
                                    [content-length] => 4
                                    [x-request-id] => e1d8b534-2972-4c25-84ed-9be5afd2dd0d
                                    [bob-go-request-id] => e1d8b534-2972-4c25-84ed-9be5afd2dd0d
                                    [apigw-requestid] => F32YHjYAifMEMMA=
                                )

                        )

                    [Body] => Webhook body is not logged unless WP_DEBUG mode is turned on. This is to avoid the storing of personal data in the logs.
                )

        )

)
2025-02-12T13:10:37+00:00 INFO Array
(
    [Webhook Delivery] => Array
        (
            [Delivery ID] => 8db2a9dd17d0aedeafd4000b1869e452
            [Date] => Feb 12, 2025 @ 13:10
            [URL] => https://api.sandbox.bobgo.co.za/webhook/channel?channel=f22cff93-8915-416d-bdd7-1553e529219c
            [Duration] => 0.5137
            [Request] => Array
                (
                    [Method] => POST
                    [Headers] => Array
                        (
                            [User-Agent] => WooCommerce/9.6.1 Hookshot (WordPress/6.7.1)
                            [Content-Type] => application/json
                            [X-WC-Webhook-Source] => https://www.peacherp.com/coach/
                            [X-WC-Webhook-Topic] => order.updated
                            [X-WC-Webhook-Resource] => order
                            [X-WC-Webhook-Event] => updated
                            [X-WC-Webhook-Signature] => vobRepEQ8UumJyDiZmwzeb31rgKXNlf4VXGK+9mxKK8=
                            [X-WC-Webhook-ID] => 3
                            [X-WC-Webhook-Delivery-ID] => 8db2a9dd17d0aedeafd4000b1869e452
                        )

                )

            [Body] => Webhook body is not logged unless WP_DEBUG mode is turned on. This is to avoid the storing of personal data in the logs.
            [Response] => Array
                (
                    [Code] => 200
                    [Message] => OK
                    [Headers] => WpOrg\Requests\Utility\CaseInsensitiveDictionary Object
                        (
                            [data:protected] => Array
                                (
                                    [date] => Wed, 12 Feb 2025 13:10:37 GMT
                                    [content-type] => application/json
                                    [content-length] => 4
                                    [x-request-id] => 5b753c65-9204-4470-9234-b760db4346ad
                                    [bob-go-request-id] => 5b753c65-9204-4470-9234-b760db4346ad
                                    [apigw-requestid] => F32YMiOgifMEMyQ=
                                )

                        )

                    [Body] => Webhook body is not logged unless WP_DEBUG mode is turned on. This is to avoid the storing of personal data in the logs.
                )

        )

)
