2025-02-20T00:00:09+00:00 INFO Array
(
    [Webhook Delivery] => Array
        (
            [Delivery ID] => 03eda2d0a0d5cbd08641bda51a671b26
            [Date] => Feb 20, 2025 @ 0:00
            [URL] => https://api.sandbox.bobgo.co.za/webhook/channel?channel=f22cff93-8915-416d-bdd7-1553e529219c
            [Duration] => 0.59694
            [Request] => Array
                (
                    [Method] => POST
                    [Headers] => Array
                        (
                            [User-Agent] => WooCommerce/9.6.2 Hookshot (WordPress/6.7.2)
                            [Content-Type] => application/json
                            [X-WC-Webhook-Source] => https://www.peacherp.com/coach/
                            [X-WC-Webhook-Topic] => order.updated
                            [X-WC-Webhook-Resource] => order
                            [X-WC-Webhook-Event] => updated
                            [X-WC-Webhook-Signature] => 4c/xFuJeQvNDnCSIdSQnKp5ebSduw1TYGvw4lk+WAL8=
                            [X-WC-Webhook-ID] => 3
                            [X-WC-Webhook-Delivery-ID] => 03eda2d0a0d5cbd08641bda51a671b26
                        )

                )

            [Body] => Webhook body is not logged unless WP_DEBUG mode is turned on. This is to avoid the storing of personal data in the logs.
            [Response] => Array
                (
                    [Code] => 200
                    [Message] => OK
                    [Headers] => WpOrg\Requests\Utility\CaseInsensitiveDictionary Object
                        (
                            [data:protected] => Array
                                (
                                    [date] => Thu, 20 Feb 2025 00:00:09 GMT
                                    [content-type] => application/json
                                    [content-length] => 4
                                    [bob-go-request-id] => 305029c6-51aa-4afc-8737-a7ad00eb98be
                                    [x-request-id] => 305029c6-51aa-4afc-8737-a7ad00eb98be
                                    [apigw-requestid] => GQaFji1PifMEPHw=
                                )

                        )

                    [Body] => Webhook body is not logged unless WP_DEBUG mode is turned on. This is to avoid the storing of personal data in the logs.
                )

        )

)
2025-02-20T00:00:10+00:00 INFO Array
(
    [Webhook Delivery] => Array
        (
            [Delivery ID] => a484e5399070134f482da6f52b65855c
            [Date] => Feb 20, 2025 @ 0:00
            [URL] => https://api.sandbox.bobgo.co.za/webhook/channel?channel=f22cff93-8915-416d-bdd7-1553e529219c
            [Duration] => 0.53449
            [Request] => Array
                (
                    [Method] => POST
                    [Headers] => Array
                        (
                            [User-Agent] => WooCommerce/9.6.2 Hookshot (WordPress/6.7.2)
                            [Content-Type] => application/json
                            [X-WC-Webhook-Source] => https://www.peacherp.com/coach/
                            [X-WC-Webhook-Topic] => order.created
                            [X-WC-Webhook-Resource] => order
                            [X-WC-Webhook-Event] => created
                            [X-WC-Webhook-Signature] => rd7oSSCaWgkRfJNWxRNGfXv96LPko+X5nGkNXPGmkdk=
                            [X-WC-Webhook-ID] => 2
                            [X-WC-Webhook-Delivery-ID] => a484e5399070134f482da6f52b65855c
                        )

                )

            [Body] => Webhook body is not logged unless WP_DEBUG mode is turned on. This is to avoid the storing of personal data in the logs.
            [Response] => Array
                (
                    [Code] => 200
                    [Message] => OK
                    [Headers] => WpOrg\Requests\Utility\CaseInsensitiveDictionary Object
                        (
                            [data:protected] => Array
                                (
                                    [date] => Thu, 20 Feb 2025 00:00:10 GMT
                                    [content-type] => application/json
                                    [content-length] => 4
                                    [x-request-id] => 4c495ab6-2670-40c3-a8e2-9f4a532b7f4d
                                    [bob-go-request-id] => 4c495ab6-2670-40c3-a8e2-9f4a532b7f4d
                                    [apigw-requestid] => GQaFoiDNifMEPJg=
                                )

                        )

                    [Body] => Webhook body is not logged unless WP_DEBUG mode is turned on. This is to avoid the storing of personal data in the logs.
                )

        )

)
2025-02-20T00:01:37+00:00 INFO Array
(
    [Webhook Delivery] => Array
        (
            [Delivery ID] => ca4308e6418087d8e4b4c44d30886e71
            [Date] => Feb 20, 2025 @ 0:01
            [URL] => https://api.sandbox.bobgo.co.za/webhook/channel?channel=f22cff93-8915-416d-bdd7-1553e529219c
            [Duration] => 0.59108
            [Request] => Array
                (
                    [Method] => POST
                    [Headers] => Array
                        (
                            [User-Agent] => WooCommerce/9.6.2 Hookshot (WordPress/6.7.2)
                            [Content-Type] => application/json
                            [X-WC-Webhook-Source] => https://www.peacherp.com/coach/
                            [X-WC-Webhook-Topic] => order.updated
                            [X-WC-Webhook-Resource] => order
                            [X-WC-Webhook-Event] => updated
                            [X-WC-Webhook-Signature] => V8UEx6EV1J/V26qvZUuMFhSQdNe49LVVkKHu9vZYYCU=
                            [X-WC-Webhook-ID] => 3
                            [X-WC-Webhook-Delivery-ID] => ca4308e6418087d8e4b4c44d30886e71
                        )

                )

            [Body] => Webhook body is not logged unless WP_DEBUG mode is turned on. This is to avoid the storing of personal data in the logs.
            [Response] => Array
                (
                    [Code] => 200
                    [Message] => OK
                    [Headers] => WpOrg\Requests\Utility\CaseInsensitiveDictionary Object
                        (
                            [data:protected] => Array
                                (
                                    [date] => Thu, 20 Feb 2025 00:01:37 GMT
                                    [content-type] => application/json
                                    [content-length] => 4
                                    [x-request-id] => 9f65eda7-550e-4f18-8fe5-2596087429b8
                                    [bob-go-request-id] => 9f65eda7-550e-4f18-8fe5-2596087429b8
                                    [apigw-requestid] => GQaTOgVCCfMEJhw=
                                )

                        )

                    [Body] => Webhook body is not logged unless WP_DEBUG mode is turned on. This is to avoid the storing of personal data in the logs.
                )

        )

)
2025-02-20T00:07:41+00:00 INFO Array
(
    [Webhook Delivery] => Array
        (
            [Delivery ID] => 6e8a7362cfb0cdf9c141332e608b3e12
            [Date] => Feb 20, 2025 @ 0:07
            [URL] => https://api.sandbox.bobgo.co.za/webhook/channel?channel=f22cff93-8915-416d-bdd7-1553e529219c
            [Duration] => 0.66332
            [Request] => Array
                (
                    [Method] => POST
                    [Headers] => Array
                        (
                            [User-Agent] => WooCommerce/9.6.2 Hookshot (WordPress/6.7.2)
                            [Content-Type] => application/json
                            [X-WC-Webhook-Source] => https://www.peacherp.com/coach/
                            [X-WC-Webhook-Topic] => order.updated
                            [X-WC-Webhook-Resource] => order
                            [X-WC-Webhook-Event] => updated
                            [X-WC-Webhook-Signature] => zgQluf3MIqCXkpM5uhRcxwU0TD4d3w6ekn/Lv5rK3YI=
                            [X-WC-Webhook-ID] => 3
                            [X-WC-Webhook-Delivery-ID] => 6e8a7362cfb0cdf9c141332e608b3e12
                        )

                )

            [Body] => Webhook body is not logged unless WP_DEBUG mode is turned on. This is to avoid the storing of personal data in the logs.
            [Response] => Array
                (
                    [Code] => 200
                    [Message] => OK
                    [Headers] => WpOrg\Requests\Utility\CaseInsensitiveDictionary Object
                        (
                            [data:protected] => Array
                                (
                                    [date] => Thu, 20 Feb 2025 00:07:41 GMT
                                    [content-type] => application/json
                                    [content-length] => 4
                                    [x-request-id] => dbf2137e-ce28-4d73-818c-c1a27bbb1ebc
                                    [bob-go-request-id] => dbf2137e-ce28-4d73-818c-c1a27bbb1ebc
                                    [apigw-requestid] => GQbMHgFWCfMEM7Q=
                                )

                        )

                    [Body] => Webhook body is not logged unless WP_DEBUG mode is turned on. This is to avoid the storing of personal data in the logs.
                )

        )

)
2025-02-20T00:07:41+00:00 INFO Array
(
    [Webhook Delivery] => Array
        (
            [Delivery ID] => 5f4f1c4b611d245542ce96b77be3d0d2
            [Date] => Feb 20, 2025 @ 0:07
            [URL] => https://api.sandbox.bobgo.co.za/webhook/channel?channel=f22cff93-8915-416d-bdd7-1553e529219c
            [Duration] => 0.57309
            [Request] => Array
                (
                    [Method] => POST
                    [Headers] => Array
                        (
                            [User-Agent] => WooCommerce/9.6.2 Hookshot (WordPress/6.7.2)
                            [Content-Type] => application/json
                            [X-WC-Webhook-Source] => https://www.peacherp.com/coach/
                            [X-WC-Webhook-Topic] => order.created
                            [X-WC-Webhook-Resource] => order
                            [X-WC-Webhook-Event] => created
                            [X-WC-Webhook-Signature] => 8lwroimRZ7HJOlOT0uXH5yOIEfdRZJZJGGgXL6xDNm0=
                            [X-WC-Webhook-ID] => 2
                            [X-WC-Webhook-Delivery-ID] => 5f4f1c4b611d245542ce96b77be3d0d2
                        )

                )

            [Body] => Webhook body is not logged unless WP_DEBUG mode is turned on. This is to avoid the storing of personal data in the logs.
            [Response] => Array
                (
                    [Code] => 200
                    [Message] => OK
                    [Headers] => WpOrg\Requests\Utility\CaseInsensitiveDictionary Object
                        (
                            [data:protected] => Array
                                (
                                    [date] => Thu, 20 Feb 2025 00:07:41 GMT
                                    [content-type] => application/json
                                    [content-length] => 4
                                    [x-request-id] => 6d13b087-b519-4948-906d-1d5e95fef8c0
                                    [bob-go-request-id] => 6d13b087-b519-4948-906d-1d5e95fef8c0
                                    [apigw-requestid] => GQbMMgFcifMEM7Q=
                                )

                        )

                    [Body] => Webhook body is not logged unless WP_DEBUG mode is turned on. This is to avoid the storing of personal data in the logs.
                )

        )

)
2025-02-20T00:08:54+00:00 INFO Array
(
    [Webhook Delivery] => Array
        (
            [Delivery ID] => 7d14cb405b63835295dc298af69ebd22
            [Date] => Feb 20, 2025 @ 0:08
            [URL] => https://api.sandbox.bobgo.co.za/webhook/channel?channel=f22cff93-8915-416d-bdd7-1553e529219c
            [Duration] => 0.66193
            [Request] => Array
                (
                    [Method] => POST
                    [Headers] => Array
                        (
                            [User-Agent] => WooCommerce/9.6.2 Hookshot (WordPress/6.7.2)
                            [Content-Type] => application/json
                            [X-WC-Webhook-Source] => https://www.peacherp.com/coach/
                            [X-WC-Webhook-Topic] => order.updated
                            [X-WC-Webhook-Resource] => order
                            [X-WC-Webhook-Event] => updated
                            [X-WC-Webhook-Signature] => m9XAn5uyxZacdrAod9ecfaeudKFW1GYxtPhL7bY37mw=
                            [X-WC-Webhook-ID] => 3
                            [X-WC-Webhook-Delivery-ID] => 7d14cb405b63835295dc298af69ebd22
                        )

                )

            [Body] => Webhook body is not logged unless WP_DEBUG mode is turned on. This is to avoid the storing of personal data in the logs.
            [Response] => Array
                (
                    [Code] => 200
                    [Message] => OK
                    [Headers] => WpOrg\Requests\Utility\CaseInsensitiveDictionary Object
                        (
                            [data:protected] => Array
                                (
                                    [date] => Thu, 20 Feb 2025 00:08:54 GMT
                                    [content-type] => application/json
                                    [content-length] => 4
                                    [x-request-id] => df36846b-8cef-4b93-b049-8fbcd499c8a8
                                    [bob-go-request-id] => df36846b-8cef-4b93-b049-8fbcd499c8a8
                                    [apigw-requestid] => GQbXmhrICfMEJoQ=
                                )

                        )

                    [Body] => Webhook body is not logged unless WP_DEBUG mode is turned on. This is to avoid the storing of personal data in the logs.
                )

        )

)
2025-02-20T00:17:14+00:00 INFO Array
(
    [Webhook Delivery] => Array
        (
            [Delivery ID] => 929211a235093c8bb30c4b5a45467d23
            [Date] => Feb 20, 2025 @ 0:17
            [URL] => https://api.sandbox.bobgo.co.za/webhook/channel?channel=f22cff93-8915-416d-bdd7-1553e529219c
            [Duration] => 0.6245
            [Request] => Array
                (
                    [Method] => POST
                    [Headers] => Array
                        (
                            [User-Agent] => WooCommerce/9.6.2 Hookshot (WordPress/6.7.2)
                            [Content-Type] => application/json
                            [X-WC-Webhook-Source] => https://www.peacherp.com/coach/
                            [X-WC-Webhook-Topic] => order.updated
                            [X-WC-Webhook-Resource] => order
                            [X-WC-Webhook-Event] => updated
                            [X-WC-Webhook-Signature] => oAwtO0Ldp2/IfCpeBxPqy2okvyia77TduQuIviGmOOs=
                            [X-WC-Webhook-ID] => 3
                            [X-WC-Webhook-Delivery-ID] => 929211a235093c8bb30c4b5a45467d23
                        )

                )

            [Body] => Webhook body is not logged unless WP_DEBUG mode is turned on. This is to avoid the storing of personal data in the logs.
            [Response] => Array
                (
                    [Code] => 200
                    [Message] => OK
                    [Headers] => WpOrg\Requests\Utility\CaseInsensitiveDictionary Object
                        (
                            [data:protected] => Array
                                (
                                    [date] => Thu, 20 Feb 2025 00:17:14 GMT
                                    [content-type] => application/json
                                    [content-length] => 4
                                    [x-request-id] => ae013184-829c-4b1b-91db-c88b6f0e14f0
                                    [bob-go-request-id] => ae013184-829c-4b1b-91db-c88b6f0e14f0
                                    [apigw-requestid] => GQclog1NifMEPHw=
                                )

                        )

                    [Body] => Webhook body is not logged unless WP_DEBUG mode is turned on. This is to avoid the storing of personal data in the logs.
                )

        )

)
2025-02-20T00:17:14+00:00 INFO Array
(
    [Webhook Delivery] => Array
        (
            [Delivery ID] => 4f5301d418a7691305f238c6518f1066
            [Date] => Feb 20, 2025 @ 0:17
            [URL] => https://api.sandbox.bobgo.co.za/webhook/channel?channel=f22cff93-8915-416d-bdd7-1553e529219c
            [Duration] => 0.5503
            [Request] => Array
                (
                    [Method] => POST
                    [Headers] => Array
                        (
                            [User-Agent] => WooCommerce/9.6.2 Hookshot (WordPress/6.7.2)
                            [Content-Type] => application/json
                            [X-WC-Webhook-Source] => https://www.peacherp.com/coach/
                            [X-WC-Webhook-Topic] => order.created
                            [X-WC-Webhook-Resource] => order
                            [X-WC-Webhook-Event] => created
                            [X-WC-Webhook-Signature] => MqzY7I6hUK7BE2vJ5oVoBmr+Q/9nbpjPzqk8T2XTfqU=
                            [X-WC-Webhook-ID] => 2
                            [X-WC-Webhook-Delivery-ID] => 4f5301d418a7691305f238c6518f1066
                        )

                )

            [Body] => Webhook body is not logged unless WP_DEBUG mode is turned on. This is to avoid the storing of personal data in the logs.
            [Response] => Array
                (
                    [Code] => 200
                    [Message] => OK
                    [Headers] => WpOrg\Requests\Utility\CaseInsensitiveDictionary Object
                        (
                            [data:protected] => Array
                                (
                                    [date] => Thu, 20 Feb 2025 00:17:14 GMT
                                    [content-type] => application/json
                                    [content-length] => 4
                                    [x-request-id] => 294bd9bd-6270-41bc-9203-a7042e8f5a9b
                                    [bob-go-request-id] => 294bd9bd-6270-41bc-9203-a7042e8f5a9b
                                    [apigw-requestid] => GQcluiIyCfMEP_Q=
                                )

                        )

                    [Body] => Webhook body is not logged unless WP_DEBUG mode is turned on. This is to avoid the storing of personal data in the logs.
                )

        )

)
2025-02-20T00:18:31+00:00 INFO Array
(
    [Webhook Delivery] => Array
        (
            [Delivery ID] => 86d92704192543a05a459c0a026d910f
            [Date] => Feb 20, 2025 @ 0:18
            [URL] => https://api.sandbox.bobgo.co.za/webhook/channel?channel=f22cff93-8915-416d-bdd7-1553e529219c
            [Duration] => 0.60942
            [Request] => Array
                (
                    [Method] => POST
                    [Headers] => Array
                        (
                            [User-Agent] => WooCommerce/9.6.2 Hookshot (WordPress/6.7.2)
                            [Content-Type] => application/json
                            [X-WC-Webhook-Source] => https://www.peacherp.com/coach/
                            [X-WC-Webhook-Topic] => order.updated
                            [X-WC-Webhook-Resource] => order
                            [X-WC-Webhook-Event] => updated
                            [X-WC-Webhook-Signature] => dmyia30Ce6GKsGij+Zj8IX1DEfVP4zls3nFVurdQKew=
                            [X-WC-Webhook-ID] => 3
                            [X-WC-Webhook-Delivery-ID] => 86d92704192543a05a459c0a026d910f
                        )

                )

            [Body] => Webhook body is not logged unless WP_DEBUG mode is turned on. This is to avoid the storing of personal data in the logs.
            [Response] => Array
                (
                    [Code] => 200
                    [Message] => OK
                    [Headers] => WpOrg\Requests\Utility\CaseInsensitiveDictionary Object
                        (
                            [data:protected] => Array
                                (
                                    [date] => Thu, 20 Feb 2025 00:18:31 GMT
                                    [content-type] => application/json
                                    [content-length] => 4
                                    [x-request-id] => d28c12a5-268f-4e6d-a2b8-37312699df95
                                    [bob-go-request-id] => d28c12a5-268f-4e6d-a2b8-37312699df95
                                    [apigw-requestid] => GQcxphURifMEMMA=
                                )

                        )

                    [Body] => Webhook body is not logged unless WP_DEBUG mode is turned on. This is to avoid the storing of personal data in the logs.
                )

        )

)
2025-02-20T00:18:31+00:00 INFO Array
(
    [Webhook Delivery] => Array
        (
            [Delivery ID] => c601d4a4709733af3c1258e013233323
            [Date] => Feb 20, 2025 @ 0:18
            [URL] => https://api.sandbox.bobgo.co.za/webhook/channel?channel=f22cff93-8915-416d-bdd7-1553e529219c
            [Duration] => 0.53003
            [Request] => Array
                (
                    [Method] => POST
                    [Headers] => Array
                        (
                            [User-Agent] => WooCommerce/9.6.2 Hookshot (WordPress/6.7.2)
                            [Content-Type] => application/json
                            [X-WC-Webhook-Source] => https://www.peacherp.com/coach/
                            [X-WC-Webhook-Topic] => order.created
                            [X-WC-Webhook-Resource] => order
                            [X-WC-Webhook-Event] => created
                            [X-WC-Webhook-Signature] => z8A5EI6+jtVm+jQEsAlqp8/AB00W5fPBwDXnopCZmkA=
                            [X-WC-Webhook-ID] => 2
                            [X-WC-Webhook-Delivery-ID] => c601d4a4709733af3c1258e013233323
                        )

                )

            [Body] => Webhook body is not logged unless WP_DEBUG mode is turned on. This is to avoid the storing of personal data in the logs.
            [Response] => Array
                (
                    [Code] => 200
                    [Message] => OK
                    [Headers] => WpOrg\Requests\Utility\CaseInsensitiveDictionary Object
                        (
                            [data:protected] => Array
                                (
                                    [date] => Thu, 20 Feb 2025 00:18:31 GMT
                                    [content-type] => application/json
                                    [content-length] => 4
                                    [x-request-id] => dd5c0092-9eb3-40df-8599-4e04ee13c33d
                                    [bob-go-request-id] => dd5c0092-9eb3-40df-8599-4e04ee13c33d
                                    [apigw-requestid] => GQcxvixtifMEMiA=
                                )

                        )

                    [Body] => Webhook body is not logged unless WP_DEBUG mode is turned on. This is to avoid the storing of personal data in the logs.
                )

        )

)
2025-02-20T00:19:47+00:00 INFO Array
(
    [Webhook Delivery] => Array
        (
            [Delivery ID] => 832f9d1f728b5fa601fe55e404ef0310
            [Date] => Feb 20, 2025 @ 0:19
            [URL] => https://api.sandbox.bobgo.co.za/webhook/channel?channel=f22cff93-8915-416d-bdd7-1553e529219c
            [Duration] => 0.65568
            [Request] => Array
                (
                    [Method] => POST
                    [Headers] => Array
                        (
                            [User-Agent] => WooCommerce/9.6.2 Hookshot (WordPress/6.7.2)
                            [Content-Type] => application/json
                            [X-WC-Webhook-Source] => https://www.peacherp.com/coach/
                            [X-WC-Webhook-Topic] => order.updated
                            [X-WC-Webhook-Resource] => order
                            [X-WC-Webhook-Event] => updated
                            [X-WC-Webhook-Signature] => mePCKVXod9QU50m4LtYLL+mmxtY9HIdOWam9RswZdeM=
                            [X-WC-Webhook-ID] => 3
                            [X-WC-Webhook-Delivery-ID] => 832f9d1f728b5fa601fe55e404ef0310
                        )

                )

            [Body] => Webhook body is not logged unless WP_DEBUG mode is turned on. This is to avoid the storing of personal data in the logs.
            [Response] => Array
                (
                    [Code] => 200
                    [Message] => OK
                    [Headers] => WpOrg\Requests\Utility\CaseInsensitiveDictionary Object
                        (
                            [data:protected] => Array
                                (
                                    [date] => Thu, 20 Feb 2025 00:19:47 GMT
                                    [content-type] => application/json
                                    [content-length] => 4
                                    [x-request-id] => df7ce547-62be-4aac-9fbd-650989287a7b
                                    [bob-go-request-id] => df7ce547-62be-4aac-9fbd-650989287a7b
                                    [apigw-requestid] => GQc9pg5ECfMEJaQ=
                                )

                        )

                    [Body] => Webhook body is not logged unless WP_DEBUG mode is turned on. This is to avoid the storing of personal data in the logs.
                )

        )

)
2025-02-20T00:22:41+00:00 INFO Array
(
    [Webhook Delivery] => Array
        (
            [Delivery ID] => 52a5dca896e0386c2feb538721bf69a7
            [Date] => Feb 20, 2025 @ 0:22
            [URL] => https://saas.peacherp.com/PEACHWEB_WEB/UK/KineticCommerce/wc-peachwebhook.awp
            [Duration] => 0.87406
            [Request] => Array
                (
                    [Method] => POST
                    [Headers] => Array
                        (
                            [User-Agent] => WooCommerce/9.6.2 Hookshot (WordPress/6.7.2)
                            [Content-Type] => application/json
                            [X-WC-Webhook-Source] => https://www.peacherp.com/coach/
                            [X-WC-Webhook-Topic] => order.updated
                            [X-WC-Webhook-Resource] => order
                            [X-WC-Webhook-Event] => updated
                            [X-WC-Webhook-Signature] => elQumwILQY98QSPfVLd64oQMVK1T4W8GtTK+5AqcUUE=
                            [X-WC-Webhook-ID] => 6
                            [X-WC-Webhook-Delivery-ID] => 52a5dca896e0386c2feb538721bf69a7
                        )

                )

            [Body] => Webhook body is not logged unless WP_DEBUG mode is turned on. This is to avoid the storing of personal data in the logs.
            [Response] => Array
                (
                    [Code] => 200
                    [Message] => OK
                    [Headers] => WpOrg\Requests\Utility\CaseInsensitiveDictionary Object
                        (
                            [data:protected] => Array
                                (
                                    [cache-control] => no-cache
                                    [pragma] => no-cache
                                    [content-type] => text/html; charset=utf-8
                                    [content-encoding] => gzip
                                    [expires] => Thu, 01 Dec 1998 16:00:00 GMT
                                    [vary] => Accept-Encoding
                                    [server] => Microsoft-IIS/10.0
                                    [date] => Thu, 20 Feb 2025 00:22:41 GMT
                                )

                        )

                    [Body] => Webhook body is not logged unless WP_DEBUG mode is turned on. This is to avoid the storing of personal data in the logs.
                )

        )

)
2025-02-20T00:22:42+00:00 INFO Array
(
    [Webhook Delivery] => Array
        (
            [Delivery ID] => 7082beeb6084e7ac3d29d1191ad7357a
            [Date] => Feb 20, 2025 @ 0:22
            [URL] => https://api.sandbox.bobgo.co.za/webhook/channel?channel=f22cff93-8915-416d-bdd7-1553e529219c
            [Duration] => 0.5241
            [Request] => Array
                (
                    [Method] => POST
                    [Headers] => Array
                        (
                            [User-Agent] => WooCommerce/9.6.2 Hookshot (WordPress/6.7.2)
                            [Content-Type] => application/json
                            [X-WC-Webhook-Source] => https://www.peacherp.com/coach/
                            [X-WC-Webhook-Topic] => order.updated
                            [X-WC-Webhook-Resource] => order
                            [X-WC-Webhook-Event] => updated
                            [X-WC-Webhook-Signature] => 4/ylgNB9k9w0s3FzBvqQ11e13tU7rOoFK6SH3oQSz6Q=
                            [X-WC-Webhook-ID] => 3
                            [X-WC-Webhook-Delivery-ID] => 7082beeb6084e7ac3d29d1191ad7357a
                        )

                )

            [Body] => Webhook body is not logged unless WP_DEBUG mode is turned on. This is to avoid the storing of personal data in the logs.
            [Response] => Array
                (
                    [Code] => 200
                    [Message] => OK
                    [Headers] => WpOrg\Requests\Utility\CaseInsensitiveDictionary Object
                        (
                            [data:protected] => Array
                                (
                                    [date] => Thu, 20 Feb 2025 00:22:42 GMT
                                    [content-type] => application/json
                                    [content-length] => 4
                                    [x-request-id] => f485e925-9f4e-4fc4-9db1-29aa15a56f2b
                                    [bob-go-request-id] => f485e925-9f4e-4fc4-9db1-29aa15a56f2b
                                    [apigw-requestid] => GQdY7iuOCfMEJow=
                                )

                        )

                    [Body] => Webhook body is not logged unless WP_DEBUG mode is turned on. This is to avoid the storing of personal data in the logs.
                )

        )

)
2025-02-20T00:22:42+00:00 INFO Array
(
    [Webhook Delivery] => Array
        (
            [Delivery ID] => 49ee13c2cdf175f17c00b4c96362701c
            [Date] => Feb 20, 2025 @ 0:22
            [URL] => https://api.sandbox.bobgo.co.za/webhook/channel?channel=f22cff93-8915-416d-bdd7-1553e529219c
            [Duration] => 0.5282
            [Request] => Array
                (
                    [Method] => POST
                    [Headers] => Array
                        (
                            [User-Agent] => WooCommerce/9.6.2 Hookshot (WordPress/6.7.2)
                            [Content-Type] => application/json
                            [X-WC-Webhook-Source] => https://www.peacherp.com/coach/
                            [X-WC-Webhook-Topic] => order.created
                            [X-WC-Webhook-Resource] => order
                            [X-WC-Webhook-Event] => created
                            [X-WC-Webhook-Signature] => 5A4Ocd74nLm00hzhJgVehpZ9PSV1dqYDhdz6ssSVgOA=
                            [X-WC-Webhook-ID] => 2
                            [X-WC-Webhook-Delivery-ID] => 49ee13c2cdf175f17c00b4c96362701c
                        )

                )

            [Body] => Webhook body is not logged unless WP_DEBUG mode is turned on. This is to avoid the storing of personal data in the logs.
            [Response] => Array
                (
                    [Code] => 200
                    [Message] => OK
                    [Headers] => WpOrg\Requests\Utility\CaseInsensitiveDictionary Object
                        (
                            [data:protected] => Array
                                (
                                    [date] => Thu, 20 Feb 2025 00:22:42 GMT
                                    [content-type] => application/json
                                    [content-length] => 4
                                    [x-request-id] => 38850739-6383-41df-8458-f0b3aff5e059
                                    [bob-go-request-id] => 38850739-6383-41df-8458-f0b3aff5e059
                                    [apigw-requestid] => GQdZAgXbCfMEKow=
                                )

                        )

                    [Body] => Webhook body is not logged unless WP_DEBUG mode is turned on. This is to avoid the storing of personal data in the logs.
                )

        )

)
