2025-02-24T06:15:13+00:00 INFO Array
(
    [Webhook Delivery] => Array
        (
            [Delivery ID] => 52307de79070974002d2beafce152b4e
            [Date] => Feb 24, 2025 @ 6:15
            [URL] => https://saas.peacherp.com/PEACHWEB_WEB/UK/KineticCommerce/wc-peachwebhook.awp
            [Duration] => 1.06412
            [Request] => Array
                (
                    [Method] => POST
                    [Headers] => Array
                        (
                            [User-Agent] => WooCommerce/9.6.2 Hookshot (WordPress/6.7.2)
                            [Content-Type] => application/json
                            [X-WC-Webhook-Source] => https://www.peacherp.com/coach/
                            [X-WC-Webhook-Topic] => order.updated
                            [X-WC-Webhook-Resource] => order
                            [X-WC-Webhook-Event] => updated
                            [X-WC-Webhook-Signature] => P1HLR1nP0XpApd9C45rvjqOJOlEKbJd7lzbuHkUCXHs=
                            [X-WC-Webhook-ID] => 6
                            [X-WC-Webhook-Delivery-ID] => 52307de79070974002d2beafce152b4e
                        )

                )

            [Body] => Webhook body is not logged unless WP_DEBUG mode is turned on. This is to avoid the storing of personal data in the logs.
            [Response] => Array
                (
                    [Code] => 500
                    [Message] => Internal Server Error
                    [Headers] => WpOrg\Requests\Utility\CaseInsensitiveDictionary Object
                        (
                            [data:protected] => Array
                                (
                                    [cache-control] => no-cache
                                    [pragma] => no-cache
                                    [content-length] => 4727
                                    [content-type] => text/html; charset=utf-8
                                    [expires] => Thu, 01 Dec 1998 16:00:00 GMT
                                    [server] => Microsoft-IIS/10.0
                                    [webdeverror] => 25 ERR_MSG_BOX
                                    [access-control-expose-headers] => Array
                                        (
                                            [0] => WebDevRedirPHP
                                            [1] => WebDevError
                                            [2] => WebDevXMLDoc
                                        )

                                    [date] => Mon, 24 Feb 2025 06:15:13 GMT
                                )

                        )

                    [Body] => Webhook body is not logged unless WP_DEBUG mode is turned on. This is to avoid the storing of personal data in the logs.
                )

        )

)
2025-02-24T06:15:14+00:00 INFO Array
(
    [Webhook Delivery] => Array
        (
            [Delivery ID] => 0b50568fb6399d6e248ed1bdd9c0dea2
            [Date] => Feb 24, 2025 @ 6:15
            [URL] => https://api.sandbox.bobgo.co.za/webhook/channel?channel=f22cff93-8915-416d-bdd7-1553e529219c
            [Duration] => 0.63927
            [Request] => Array
                (
                    [Method] => POST
                    [Headers] => Array
                        (
                            [User-Agent] => WooCommerce/9.6.2 Hookshot (WordPress/6.7.2)
                            [Content-Type] => application/json
                            [X-WC-Webhook-Source] => https://www.peacherp.com/coach/
                            [X-WC-Webhook-Topic] => order.updated
                            [X-WC-Webhook-Resource] => order
                            [X-WC-Webhook-Event] => updated
                            [X-WC-Webhook-Signature] => jav6aCXX+HWPNCLL28+PK3hgKjTYI7BHUccaKSQohro=
                            [X-WC-Webhook-ID] => 3
                            [X-WC-Webhook-Delivery-ID] => 0b50568fb6399d6e248ed1bdd9c0dea2
                        )

                )

            [Body] => Webhook body is not logged unless WP_DEBUG mode is turned on. This is to avoid the storing of personal data in the logs.
            [Response] => Array
                (
                    [Code] => 200
                    [Message] => OK
                    [Headers] => WpOrg\Requests\Utility\CaseInsensitiveDictionary Object
                        (
                            [data:protected] => Array
                                (
                                    [date] => Mon, 24 Feb 2025 06:15:14 GMT
                                    [content-type] => application/json
                                    [content-length] => 4
                                    [x-request-id] => da72ae39-fc1a-4ed2-ad74-e2041a212baa
                                    [bob-go-request-id] => da72ae39-fc1a-4ed2-ad74-e2041a212baa
                                    [apigw-requestid] => Gecx7gf7CfMEPVw=
                                )

                        )

                    [Body] => Webhook body is not logged unless WP_DEBUG mode is turned on. This is to avoid the storing of personal data in the logs.
                )

        )

)
2025-02-24T06:21:40+00:00 INFO Array
(
    [Webhook Delivery] => Array
        (
            [Delivery ID] => f4ac97a3accdc916c02b4ffa1a9550a3
            [Date] => Feb 24, 2025 @ 6:21
            [URL] => https://api.sandbox.bobgo.co.za/webhook/channel?channel=f22cff93-8915-416d-bdd7-1553e529219c
            [Duration] => 0.56545
            [Request] => Array
                (
                    [Method] => POST
                    [Headers] => Array
                        (
                            [User-Agent] => WooCommerce/9.6.2 Hookshot (WordPress/6.7.2)
                            [Content-Type] => application/json
                            [X-WC-Webhook-Source] => https://www.peacherp.com/coach/
                            [X-WC-Webhook-Topic] => action.woocommerce_settings_saved
                            [X-WC-Webhook-Resource] => action
                            [X-WC-Webhook-Event] => woocommerce_settings_saved
                            [X-WC-Webhook-Signature] => AH8GiOxaCkQOi50+mTNZvH4wTJaEhCsIX/ssNYt6T7U=
                            [X-WC-Webhook-ID] => 4
                            [X-WC-Webhook-Delivery-ID] => f4ac97a3accdc916c02b4ffa1a9550a3
                        )

                )

            [Body] => Webhook body is not logged unless WP_DEBUG mode is turned on. This is to avoid the storing of personal data in the logs.
            [Response] => Array
                (
                    [Code] => 200
                    [Message] => OK
                    [Headers] => WpOrg\Requests\Utility\CaseInsensitiveDictionary Object
                        (
                            [data:protected] => Array
                                (
                                    [date] => Mon, 24 Feb 2025 06:21:40 GMT
                                    [content-type] => application/json
                                    [content-length] => 4
                                    [x-request-id] => 01d7f9ac-0950-4ca9-b839-6185bcb6e717
                                    [bob-go-request-id] => 01d7f9ac-0950-4ca9-b839-6185bcb6e717
                                    [apigw-requestid] => GeduTiFpifMEJkw=
                                )

                        )

                    [Body] => Webhook body is not logged unless WP_DEBUG mode is turned on. This is to avoid the storing of personal data in the logs.
                )

        )

)
2025-02-24T09:12:42+00:00 INFO Array
(
    [Webhook Delivery] => Array
        (
            [Delivery ID] => dfbf8847f8d1b49b690933bbb20c9478
            [Date] => Feb 24, 2025 @ 9:12
            [URL] => https://api.sandbox.bobgo.co.za/webhook/channel?channel=f22cff93-8915-416d-bdd7-1553e529219c
            [Duration] => 0.65679
            [Request] => Array
                (
                    [Method] => POST
                    [Headers] => Array
                        (
                            [User-Agent] => WooCommerce/9.6.2 Hookshot (WordPress/6.7.2)
                            [Content-Type] => application/json
                            [X-WC-Webhook-Source] => https://www.peacherp.com/coach/
                            [X-WC-Webhook-Topic] => action.woocommerce_settings_saved
                            [X-WC-Webhook-Resource] => action
                            [X-WC-Webhook-Event] => woocommerce_settings_saved
                            [X-WC-Webhook-Signature] => AH8GiOxaCkQOi50+mTNZvH4wTJaEhCsIX/ssNYt6T7U=
                            [X-WC-Webhook-ID] => 4
                            [X-WC-Webhook-Delivery-ID] => dfbf8847f8d1b49b690933bbb20c9478
                        )

                )

            [Body] => Webhook body is not logged unless WP_DEBUG mode is turned on. This is to avoid the storing of personal data in the logs.
            [Response] => Array
                (
                    [Code] => 200
                    [Message] => OK
                    [Headers] => WpOrg\Requests\Utility\CaseInsensitiveDictionary Object
                        (
                            [data:protected] => Array
                                (
                                    [date] => Mon, 24 Feb 2025 09:12:42 GMT
                                    [content-type] => application/json
                                    [content-length] => 4
                                    [x-request-id] => d0f76ece-c2ea-4361-b9b7-809f2a574c7f
                                    [bob-go-request-id] => d0f76ece-c2ea-4361-b9b7-809f2a574c7f
                                    [apigw-requestid] => Ge2xoi9hCfMEJEQ=
                                )

                        )

                    [Body] => Webhook body is not logged unless WP_DEBUG mode is turned on. This is to avoid the storing of personal data in the logs.
                )

        )

)
2025-02-24T09:18:43+00:00 INFO Array
(
    [Webhook Delivery] => Array
        (
            [Delivery ID] => 726f7e886e8be06393372975615b7b2c
            [Date] => Feb 24, 2025 @ 9:18
            [URL] => https://api.sandbox.bobgo.co.za/webhook/channel?channel=f22cff93-8915-416d-bdd7-1553e529219c
            [Duration] => 0.59765
            [Request] => Array
                (
                    [Method] => POST
                    [Headers] => Array
                        (
                            [User-Agent] => WooCommerce/9.6.2 Hookshot (WordPress/6.7.2)
                            [Content-Type] => application/json
                            [X-WC-Webhook-Source] => https://www.peacherp.com/coach/
                            [X-WC-Webhook-Topic] => action.woocommerce_settings_saved
                            [X-WC-Webhook-Resource] => action
                            [X-WC-Webhook-Event] => woocommerce_settings_saved
                            [X-WC-Webhook-Signature] => AH8GiOxaCkQOi50+mTNZvH4wTJaEhCsIX/ssNYt6T7U=
                            [X-WC-Webhook-ID] => 4
                            [X-WC-Webhook-Delivery-ID] => 726f7e886e8be06393372975615b7b2c
                        )

                )

            [Body] => Webhook body is not logged unless WP_DEBUG mode is turned on. This is to avoid the storing of personal data in the logs.
            [Response] => Array
                (
                    [Code] => 200
                    [Message] => OK
                    [Headers] => WpOrg\Requests\Utility\CaseInsensitiveDictionary Object
                        (
                            [data:protected] => Array
                                (
                                    [date] => Mon, 24 Feb 2025 09:18:42 GMT
                                    [content-type] => application/json
                                    [content-length] => 4
                                    [x-request-id] => 82c866b8-e872-442a-b988-07fa6ac5bb6b
                                    [bob-go-request-id] => 82c866b8-e872-442a-b988-07fa6ac5bb6b
                                    [apigw-requestid] => Ge3qAiOYCfMEPVw=
                                )

                        )

                    [Body] => Webhook body is not logged unless WP_DEBUG mode is turned on. This is to avoid the storing of personal data in the logs.
                )

        )

)
2025-02-24T09:22:05+00:00 INFO Array
(
    [Webhook Delivery] => Array
        (
            [Delivery ID] => e1b63194556388770cd01d81d368d06e
            [Date] => Feb 24, 2025 @ 9:22
            [URL] => https://api.sandbox.bobgo.co.za/webhook/channel?channel=f22cff93-8915-416d-bdd7-1553e529219c
            [Duration] => 0.57839
            [Request] => Array
                (
                    [Method] => POST
                    [Headers] => Array
                        (
                            [User-Agent] => WooCommerce/9.6.2 Hookshot (WordPress/6.7.2)
                            [Content-Type] => application/json
                            [X-WC-Webhook-Source] => https://www.peacherp.com/coach/
                            [X-WC-Webhook-Topic] => action.woocommerce_settings_saved
                            [X-WC-Webhook-Resource] => action
                            [X-WC-Webhook-Event] => woocommerce_settings_saved
                            [X-WC-Webhook-Signature] => AH8GiOxaCkQOi50+mTNZvH4wTJaEhCsIX/ssNYt6T7U=
                            [X-WC-Webhook-ID] => 4
                            [X-WC-Webhook-Delivery-ID] => e1b63194556388770cd01d81d368d06e
                        )

                )

            [Body] => Webhook body is not logged unless WP_DEBUG mode is turned on. This is to avoid the storing of personal data in the logs.
            [Response] => Array
                (
                    [Code] => 200
                    [Message] => OK
                    [Headers] => WpOrg\Requests\Utility\CaseInsensitiveDictionary Object
                        (
                            [data:protected] => Array
                                (
                                    [date] => Mon, 24 Feb 2025 09:22:05 GMT
                                    [content-type] => application/json
                                    [content-length] => 4
                                    [x-request-id] => e9ff9968-92ef-4a09-8839-7d061a5d7c6a
                                    [bob-go-request-id] => e9ff9968-92ef-4a09-8839-7d061a5d7c6a
                                    [apigw-requestid] => Ge4Jsj1wCfMEPKQ=
                                )

                        )

                    [Body] => Webhook body is not logged unless WP_DEBUG mode is turned on. This is to avoid the storing of personal data in the logs.
                )

        )

)
2025-02-24T09:23:51+00:00 INFO Array
(
    [Webhook Delivery] => Array
        (
            [Delivery ID] => 9c57801c90b2d41bf2e505358c781959
            [Date] => Feb 24, 2025 @ 9:23
            [URL] => https://api.sandbox.bobgo.co.za/webhook/channel?channel=f22cff93-8915-416d-bdd7-1553e529219c
            [Duration] => 0.58763
            [Request] => Array
                (
                    [Method] => POST
                    [Headers] => Array
                        (
                            [User-Agent] => WooCommerce/9.6.2 Hookshot (WordPress/6.7.2)
                            [Content-Type] => application/json
                            [X-WC-Webhook-Source] => https://www.peacherp.com/coach/
                            [X-WC-Webhook-Topic] => action.woocommerce_settings_saved
                            [X-WC-Webhook-Resource] => action
                            [X-WC-Webhook-Event] => woocommerce_settings_saved
                            [X-WC-Webhook-Signature] => AH8GiOxaCkQOi50+mTNZvH4wTJaEhCsIX/ssNYt6T7U=
                            [X-WC-Webhook-ID] => 4
                            [X-WC-Webhook-Delivery-ID] => 9c57801c90b2d41bf2e505358c781959
                        )

                )

            [Body] => Webhook body is not logged unless WP_DEBUG mode is turned on. This is to avoid the storing of personal data in the logs.
            [Response] => Array
                (
                    [Code] => 200
                    [Message] => OK
                    [Headers] => WpOrg\Requests\Utility\CaseInsensitiveDictionary Object
                        (
                            [data:protected] => Array
                                (
                                    [date] => Mon, 24 Feb 2025 09:23:51 GMT
                                    [content-type] => application/json
                                    [content-length] => 4
                                    [x-request-id] => b8ab77fa-0fc9-4922-ac72-126cd0ffd1d7
                                    [bob-go-request-id] => b8ab77fa-0fc9-4922-ac72-126cd0ffd1d7
                                    [apigw-requestid] => Ge4aMhtiifMEMnA=
                                )

                        )

                    [Body] => Webhook body is not logged unless WP_DEBUG mode is turned on. This is to avoid the storing of personal data in the logs.
                )

        )

)
2025-02-24T09:26:50+00:00 INFO Array
(
    [Webhook Delivery] => Array
        (
            [Delivery ID] => fdc0ae04f5d3505345ba8e2f83241498
            [Date] => Feb 24, 2025 @ 9:26
            [URL] => https://api.sandbox.bobgo.co.za/webhook/channel?channel=f22cff93-8915-416d-bdd7-1553e529219c
            [Duration] => 0.54333
            [Request] => Array
                (
                    [Method] => POST
                    [Headers] => Array
                        (
                            [User-Agent] => WooCommerce/9.6.2 Hookshot (WordPress/6.7.2)
                            [Content-Type] => application/json
                            [X-WC-Webhook-Source] => https://www.peacherp.com/coach/
                            [X-WC-Webhook-Topic] => action.woocommerce_settings_saved
                            [X-WC-Webhook-Resource] => action
                            [X-WC-Webhook-Event] => woocommerce_settings_saved
                            [X-WC-Webhook-Signature] => AH8GiOxaCkQOi50+mTNZvH4wTJaEhCsIX/ssNYt6T7U=
                            [X-WC-Webhook-ID] => 4
                            [X-WC-Webhook-Delivery-ID] => fdc0ae04f5d3505345ba8e2f83241498
                        )

                )

            [Body] => Webhook body is not logged unless WP_DEBUG mode is turned on. This is to avoid the storing of personal data in the logs.
            [Response] => Array
                (
                    [Code] => 200
                    [Message] => OK
                    [Headers] => WpOrg\Requests\Utility\CaseInsensitiveDictionary Object
                        (
                            [data:protected] => Array
                                (
                                    [date] => Mon, 24 Feb 2025 09:26:50 GMT
                                    [content-type] => application/json
                                    [content-length] => 4
                                    [x-request-id] => 3da60b82-826e-421e-9259-6f809d8ef92d
                                    [bob-go-request-id] => 3da60b82-826e-421e-9259-6f809d8ef92d
                                    [apigw-requestid] => Ge42Lg_sifMEMTw=
                                )

                        )

                    [Body] => Webhook body is not logged unless WP_DEBUG mode is turned on. This is to avoid the storing of personal data in the logs.
                )

        )

)
