2025-02-28T08:32:41+00:00 INFO Array
(
    [Webhook Delivery] => Array
        (
            [Delivery ID] => 3d480e42ca316af1c4791d263fe70072
            [Date] => Feb 28, 2025 @ 8:32
            [URL] => https://api.sandbox.bobgo.co.za/webhook/channel?channel=f22cff93-8915-416d-bdd7-1553e529219c
            [Duration] => 0.60189
            [Request] => Array
                (
                    [Method] => POST
                    [Headers] => Array
                        (
                            [User-Agent] => WooCommerce/9.7.0 Hookshot (WordPress/6.7.2)
                            [Content-Type] => application/json
                            [X-WC-Webhook-Source] => https://www.peacherp.com/coach/
                            [X-WC-Webhook-Topic] => action.woocommerce_settings_saved
                            [X-WC-Webhook-Resource] => action
                            [X-WC-Webhook-Event] => woocommerce_settings_saved
                            [X-WC-Webhook-Signature] => AH8GiOxaCkQOi50+mTNZvH4wTJaEhCsIX/ssNYt6T7U=
                            [X-WC-Webhook-ID] => 4
                            [X-WC-Webhook-Delivery-ID] => 3d480e42ca316af1c4791d263fe70072
                        )

                )

            [Body] => Webhook body is not logged unless WP_DEBUG mode is turned on. This is to avoid the storing of personal data in the logs.
            [Response] => Array
                (
                    [Code] => 200
                    [Message] => OK
                    [Headers] => WpOrg\Requests\Utility\CaseInsensitiveDictionary Object
                        (
                            [data:protected] => Array
                                (
                                    [date] => Fri, 28 Feb 2025 08:32:40 GMT
                                    [content-type] => application/json
                                    [content-length] => 4
                                    [x-request-id] => 4af7f9ce-570e-4519-acb8-382e06b1be3b
                                    [bob-go-request-id] => 4af7f9ce-570e-4519-acb8-382e06b1be3b
                                    [apigw-requestid] => Gr8qcinRCfMEPSQ=
                                )

                        )

                    [Body] => Webhook body is not logged unless WP_DEBUG mode is turned on. This is to avoid the storing of personal data in the logs.
                )

        )

)
2025-02-28T08:35:02+00:00 INFO Array
(
    [Webhook Delivery] => Array
        (
            [Delivery ID] => ef2ade91b44b094a5ab75fd8a8d2e2da
            [Date] => Feb 28, 2025 @ 8:35
            [URL] => https://api.sandbox.bobgo.co.za/webhook/channel?channel=f22cff93-8915-416d-bdd7-1553e529219c
            [Duration] => 0.55723
            [Request] => Array
                (
                    [Method] => POST
                    [Headers] => Array
                        (
                            [User-Agent] => WooCommerce/9.7.0 Hookshot (WordPress/6.7.2)
                            [Content-Type] => application/json
                            [X-WC-Webhook-Source] => https://www.peacherp.com/coach/
                            [X-WC-Webhook-Topic] => action.woocommerce_settings_saved
                            [X-WC-Webhook-Resource] => action
                            [X-WC-Webhook-Event] => woocommerce_settings_saved
                            [X-WC-Webhook-Signature] => AH8GiOxaCkQOi50+mTNZvH4wTJaEhCsIX/ssNYt6T7U=
                            [X-WC-Webhook-ID] => 4
                            [X-WC-Webhook-Delivery-ID] => ef2ade91b44b094a5ab75fd8a8d2e2da
                        )

                )

            [Body] => Webhook body is not logged unless WP_DEBUG mode is turned on. This is to avoid the storing of personal data in the logs.
            [Response] => Array
                (
                    [Code] => 200
                    [Message] => OK
                    [Headers] => WpOrg\Requests\Utility\CaseInsensitiveDictionary Object
                        (
                            [data:protected] => Array
                                (
                                    [date] => Fri, 28 Feb 2025 08:35:02 GMT
                                    [content-type] => application/json
                                    [content-length] => 4
                                    [bob-go-request-id] => a33da9a4-befa-4dc6-840f-8bb391a967f6
                                    [x-request-id] => a33da9a4-befa-4dc6-840f-8bb391a967f6
                                    [apigw-requestid] => Gr9Agip6ifMEJhw=
                                )

                        )

                    [Body] => Webhook body is not logged unless WP_DEBUG mode is turned on. This is to avoid the storing of personal data in the logs.
                )

        )

)
2025-02-28T08:35:55+00:00 INFO Array
(
    [Webhook Delivery] => Array
        (
            [Delivery ID] => 97afcdefc839342edc103fff4806b294
            [Date] => Feb 28, 2025 @ 8:35
            [URL] => https://api.sandbox.bobgo.co.za/webhook/channel?channel=f22cff93-8915-416d-bdd7-1553e529219c
            [Duration] => 0.53317
            [Request] => Array
                (
                    [Method] => POST
                    [Headers] => Array
                        (
                            [User-Agent] => WooCommerce/9.7.0 Hookshot (WordPress/6.7.2)
                            [Content-Type] => application/json
                            [X-WC-Webhook-Source] => https://www.peacherp.com/coach/
                            [X-WC-Webhook-Topic] => action.woocommerce_settings_saved
                            [X-WC-Webhook-Resource] => action
                            [X-WC-Webhook-Event] => woocommerce_settings_saved
                            [X-WC-Webhook-Signature] => AH8GiOxaCkQOi50+mTNZvH4wTJaEhCsIX/ssNYt6T7U=
                            [X-WC-Webhook-ID] => 4
                            [X-WC-Webhook-Delivery-ID] => 97afcdefc839342edc103fff4806b294
                        )

                )

            [Body] => Webhook body is not logged unless WP_DEBUG mode is turned on. This is to avoid the storing of personal data in the logs.
            [Response] => Array
                (
                    [Code] => 200
                    [Message] => OK
                    [Headers] => WpOrg\Requests\Utility\CaseInsensitiveDictionary Object
                        (
                            [data:protected] => Array
                                (
                                    [date] => Fri, 28 Feb 2025 08:35:55 GMT
                                    [content-type] => application/json
                                    [content-length] => 4
                                    [x-request-id] => d91c0fff-0014-4902-a435-5e8dbff3618e
                                    [bob-go-request-id] => d91c0fff-0014-4902-a435-5e8dbff3618e
                                    [apigw-requestid] => Gr9I3hbAifMEJdA=
                                )

                        )

                    [Body] => Webhook body is not logged unless WP_DEBUG mode is turned on. This is to avoid the storing of personal data in the logs.
                )

        )

)
2025-02-28T11:01:37+00:00 INFO Array
(
    [Webhook Delivery] => Array
        (
            [Delivery ID] => 264f2b9c825b603b2497147487df4a98
            [Date] => Feb 28, 2025 @ 11:01
            [URL] => https://api.sandbox.bobgo.co.za/webhook/channel?channel=f22cff93-8915-416d-bdd7-1553e529219c
            [Duration] => 0.61887
            [Request] => Array
                (
                    [Method] => POST
                    [Headers] => Array
                        (
                            [User-Agent] => WooCommerce/9.7.0 Hookshot (WordPress/6.7.2)
                            [Content-Type] => application/json
                            [X-WC-Webhook-Source] => https://www.peacherp.com/coach/
                            [X-WC-Webhook-Topic] => action.woocommerce_settings_saved
                            [X-WC-Webhook-Resource] => action
                            [X-WC-Webhook-Event] => woocommerce_settings_saved
                            [X-WC-Webhook-Signature] => AH8GiOxaCkQOi50+mTNZvH4wTJaEhCsIX/ssNYt6T7U=
                            [X-WC-Webhook-ID] => 4
                            [X-WC-Webhook-Delivery-ID] => 264f2b9c825b603b2497147487df4a98
                        )

                )

            [Body] => Webhook body is not logged unless WP_DEBUG mode is turned on. This is to avoid the storing of personal data in the logs.
            [Response] => Array
                (
                    [Code] => 200
                    [Message] => OK
                    [Headers] => WpOrg\Requests\Utility\CaseInsensitiveDictionary Object
                        (
                            [data:protected] => Array
                                (
                                    [date] => Fri, 28 Feb 2025 11:01:37 GMT
                                    [content-type] => application/json
                                    [content-length] => 4
                                    [bob-go-request-id] => d5b8f6fb-13df-43e5-bd49-21f409131eb2
                                    [x-request-id] => d5b8f6fb-13df-43e5-bd49-21f409131eb2
                                    [apigw-requestid] => GsSewhvRifMEM7Q=
                                )

                        )

                    [Body] => Webhook body is not logged unless WP_DEBUG mode is turned on. This is to avoid the storing of personal data in the logs.
                )

        )

)
2025-02-28T14:02:10+00:00 INFO Array
(
    [Webhook Delivery] => Array
        (
            [Delivery ID] => 9524099b55b9e77a028efd8beb4c3674
            [Date] => Feb 28, 2025 @ 14:02
            [URL] => https://saas.peacherp.com/PEACHWEB_WEB/UK/KineticCommerce/wc-peachwebhook.awp
            [Duration] => 1.04136
            [Request] => Array
                (
                    [Method] => POST
                    [Headers] => Array
                        (
                            [User-Agent] => WooCommerce/9.7.0 Hookshot (WordPress/6.7.2)
                            [Content-Type] => application/json
                            [X-WC-Webhook-Source] => https://www.peacherp.com/coach/
                            [X-WC-Webhook-Topic] => order.updated
                            [X-WC-Webhook-Resource] => order
                            [X-WC-Webhook-Event] => updated
                            [X-WC-Webhook-Signature] => 58nSFnQp0q2Zy/ILK3A0VOXar0aURBM8yKL3Tge+Zyo=
                            [X-WC-Webhook-ID] => 6
                            [X-WC-Webhook-Delivery-ID] => 9524099b55b9e77a028efd8beb4c3674
                        )

                )

            [Body] => Webhook body is not logged unless WP_DEBUG mode is turned on. This is to avoid the storing of personal data in the logs.
            [Response] => Array
                (
                    [Code] => 200
                    [Message] => OK
                    [Headers] => WpOrg\Requests\Utility\CaseInsensitiveDictionary Object
                        (
                            [data:protected] => Array
                                (
                                    [cache-control] => no-cache
                                    [pragma] => no-cache
                                    [content-type] => text/html; charset=utf-8
                                    [content-encoding] => gzip
                                    [expires] => Thu, 01 Dec 1998 16:00:00 GMT
                                    [vary] => Accept-Encoding
                                    [server] => Microsoft-IIS/10.0
                                    [date] => Fri, 28 Feb 2025 14:02:09 GMT
                                )

                        )

                    [Body] => Webhook body is not logged unless WP_DEBUG mode is turned on. This is to avoid the storing of personal data in the logs.
                )

        )

)
2025-02-28T14:02:10+00:00 INFO Array
(
    [Webhook Delivery] => Array
        (
            [Delivery ID] => 1076046634a5d5f6563a60d3b1ac0d62
            [Date] => Feb 28, 2025 @ 14:02
            [URL] => https://api.sandbox.bobgo.co.za/webhook/channel?channel=f22cff93-8915-416d-bdd7-1553e529219c
            [Duration] => 0.5526
            [Request] => Array
                (
                    [Method] => POST
                    [Headers] => Array
                        (
                            [User-Agent] => WooCommerce/9.7.0 Hookshot (WordPress/6.7.2)
                            [Content-Type] => application/json
                            [X-WC-Webhook-Source] => https://www.peacherp.com/coach/
                            [X-WC-Webhook-Topic] => order.updated
                            [X-WC-Webhook-Resource] => order
                            [X-WC-Webhook-Event] => updated
                            [X-WC-Webhook-Signature] => 6t5iKDU+IByZxecbUfb/FW583llROfChAp238WhfvfQ=
                            [X-WC-Webhook-ID] => 3
                            [X-WC-Webhook-Delivery-ID] => 1076046634a5d5f6563a60d3b1ac0d62
                        )

                )

            [Body] => Webhook body is not logged unless WP_DEBUG mode is turned on. This is to avoid the storing of personal data in the logs.
            [Response] => Array
                (
                    [Code] => 200
                    [Message] => OK
                    [Headers] => WpOrg\Requests\Utility\CaseInsensitiveDictionary Object
                        (
                            [data:protected] => Array
                                (
                                    [date] => Fri, 28 Feb 2025 14:02:10 GMT
                                    [content-type] => application/json
                                    [content-length] => 4
                                    [x-request-id] => 7ea342be-a62d-47b6-add4-ef3c2e75c025
                                    [bob-go-request-id] => 7ea342be-a62d-47b6-add4-ef3c2e75c025
                                    [apigw-requestid] => Gss7ghG0CfMEJkw=
                                )

                        )

                    [Body] => Webhook body is not logged unless WP_DEBUG mode is turned on. This is to avoid the storing of personal data in the logs.
                )

        )

)
2025-02-28T14:06:36+00:00 INFO Array
(
    [Webhook Delivery] => Array
        (
            [Delivery ID] => 13a1e5a73e134643a5db4b65de7a8bde
            [Date] => Feb 28, 2025 @ 14:06
            [URL] => https://api.sandbox.bobgo.co.za/webhook/channel?channel=f22cff93-8915-416d-bdd7-1553e529219c
            [Duration] => 0.5335
            [Request] => Array
                (
                    [Method] => POST
                    [Headers] => Array
                        (
                            [User-Agent] => WooCommerce/9.7.0 Hookshot (WordPress/6.7.2)
                            [Content-Type] => application/json
                            [X-WC-Webhook-Source] => https://www.peacherp.com/coach/
                            [X-WC-Webhook-Topic] => action.woocommerce_settings_saved
                            [X-WC-Webhook-Resource] => action
                            [X-WC-Webhook-Event] => woocommerce_settings_saved
                            [X-WC-Webhook-Signature] => AH8GiOxaCkQOi50+mTNZvH4wTJaEhCsIX/ssNYt6T7U=
                            [X-WC-Webhook-ID] => 4
                            [X-WC-Webhook-Delivery-ID] => 13a1e5a73e134643a5db4b65de7a8bde
                        )

                )

            [Body] => Webhook body is not logged unless WP_DEBUG mode is turned on. This is to avoid the storing of personal data in the logs.
            [Response] => Array
                (
                    [Code] => 200
                    [Message] => OK
                    [Headers] => WpOrg\Requests\Utility\CaseInsensitiveDictionary Object
                        (
                            [data:protected] => Array
                                (
                                    [date] => Fri, 28 Feb 2025 14:06:36 GMT
                                    [content-type] => application/json
                                    [content-length] => 4
                                    [x-request-id] => 5c57eae0-bd1f-4b08-afad-7eb57ab1d337
                                    [bob-go-request-id] => 5c57eae0-bd1f-4b08-afad-7eb57ab1d337
                                    [apigw-requestid] => GstlDiFtCfMEJyw=
                                )

                        )

                    [Body] => Webhook body is not logged unless WP_DEBUG mode is turned on. This is to avoid the storing of personal data in the logs.
                )

        )

)
