2025-02-22T12:29:54+00:00 INFO Array
(
    [Webhook Delivery] => Array
        (
            [Delivery ID] => de4d3cd33895d2d142800d2e4f52073b
            [Date] => Feb 22, 2025 @ 12:29
            [URL] => https://saas.peacherp.com/PEACHWEB_WEB/UK/KineticCommerce/wc-peachwebhook.awp
            [Duration] => 0.94748
            [Request] => Array
                (
                    [Method] => POST
                    [Headers] => Array
                        (
                            [User-Agent] => WooCommerce/9.6.2 Hookshot (WordPress/6.7.2)
                            [Content-Type] => application/json
                            [X-WC-Webhook-Source] => https://www.peacherp.com/coach/
                            [X-WC-Webhook-Topic] => order.updated
                            [X-WC-Webhook-Resource] => order
                            [X-WC-Webhook-Event] => updated
                            [X-WC-Webhook-Signature] => k00e9A525k+H/z2g92kMRF6LzLqOvL6pCGeQP/HKXg8=
                            [X-WC-Webhook-ID] => 6
                            [X-WC-Webhook-Delivery-ID] => de4d3cd33895d2d142800d2e4f52073b
                        )

                )

            [Body] => Webhook body is not logged unless WP_DEBUG mode is turned on. This is to avoid the storing of personal data in the logs.
            [Response] => Array
                (
                    [Code] => 200
                    [Message] => OK
                    [Headers] => WpOrg\Requests\Utility\CaseInsensitiveDictionary Object
                        (
                            [data:protected] => Array
                                (
                                    [cache-control] => no-cache
                                    [pragma] => no-cache
                                    [content-type] => text/html; charset=utf-8
                                    [content-encoding] => gzip
                                    [expires] => Thu, 01 Dec 1998 16:00:00 GMT
                                    [vary] => Accept-Encoding
                                    [server] => Microsoft-IIS/10.0
                                    [date] => Sat, 22 Feb 2025 12:29:54 GMT
                                )

                        )

                    [Body] => Webhook body is not logged unless WP_DEBUG mode is turned on. This is to avoid the storing of personal data in the logs.
                )

        )

)
2025-02-22T12:29:55+00:00 INFO Array
(
    [Webhook Delivery] => Array
        (
            [Delivery ID] => 255ab7c209955ef1501b23919d4fa58f
            [Date] => Feb 22, 2025 @ 12:29
            [URL] => https://api.sandbox.bobgo.co.za/webhook/channel?channel=f22cff93-8915-416d-bdd7-1553e529219c
            [Duration] => 0.56332
            [Request] => Array
                (
                    [Method] => POST
                    [Headers] => Array
                        (
                            [User-Agent] => WooCommerce/9.6.2 Hookshot (WordPress/6.7.2)
                            [Content-Type] => application/json
                            [X-WC-Webhook-Source] => https://www.peacherp.com/coach/
                            [X-WC-Webhook-Topic] => order.updated
                            [X-WC-Webhook-Resource] => order
                            [X-WC-Webhook-Event] => updated
                            [X-WC-Webhook-Signature] => 68acQ4G8mz/uar/x1GVVrHiFQK2v/o4jQFD+S43SZTc=
                            [X-WC-Webhook-ID] => 3
                            [X-WC-Webhook-Delivery-ID] => 255ab7c209955ef1501b23919d4fa58f
                        )

                )

            [Body] => Webhook body is not logged unless WP_DEBUG mode is turned on. This is to avoid the storing of personal data in the logs.
            [Response] => Array
                (
                    [Code] => 200
                    [Message] => OK
                    [Headers] => WpOrg\Requests\Utility\CaseInsensitiveDictionary Object
                        (
                            [data:protected] => Array
                                (
                                    [date] => Sat, 22 Feb 2025 12:29:55 GMT
                                    [content-type] => application/json
                                    [content-length] => 4
                                    [x-request-id] => c63ea2ed-b9e6-4e47-a2ec-499301dbdcaf
                                    [bob-go-request-id] => c63ea2ed-b9e6-4e47-a2ec-499301dbdcaf
                                    [apigw-requestid] => GYtyliVuifMEPKQ=
                                )

                        )

                    [Body] => Webhook body is not logged unless WP_DEBUG mode is turned on. This is to avoid the storing of personal data in the logs.
                )

        )

)
2025-02-22T12:29:55+00:00 INFO Array
(
    [Webhook Delivery] => Array
        (
            [Delivery ID] => f7755834da3feefb8ae9cb66b4d37315
            [Date] => Feb 22, 2025 @ 12:29
            [URL] => https://api.sandbox.bobgo.co.za/webhook/channel?channel=f22cff93-8915-416d-bdd7-1553e529219c
            [Duration] => 0.51219
            [Request] => Array
                (
                    [Method] => POST
                    [Headers] => Array
                        (
                            [User-Agent] => WooCommerce/9.6.2 Hookshot (WordPress/6.7.2)
                            [Content-Type] => application/json
                            [X-WC-Webhook-Source] => https://www.peacherp.com/coach/
                            [X-WC-Webhook-Topic] => order.created
                            [X-WC-Webhook-Resource] => order
                            [X-WC-Webhook-Event] => created
                            [X-WC-Webhook-Signature] => ucGaP5NO0MDtKgR3A8X1DovVSwcufXAZjjhWipcCGyk=
                            [X-WC-Webhook-ID] => 2
                            [X-WC-Webhook-Delivery-ID] => f7755834da3feefb8ae9cb66b4d37315
                        )

                )

            [Body] => Webhook body is not logged unless WP_DEBUG mode is turned on. This is to avoid the storing of personal data in the logs.
            [Response] => Array
                (
                    [Code] => 200
                    [Message] => OK
                    [Headers] => WpOrg\Requests\Utility\CaseInsensitiveDictionary Object
                        (
                            [data:protected] => Array
                                (
                                    [date] => Sat, 22 Feb 2025 12:29:55 GMT
                                    [content-type] => application/json
                                    [content-length] => 4
                                    [x-request-id] => 2a0dd43e-8e70-49c0-aa33-3aeec1d5da22
                                    [bob-go-request-id] => 2a0dd43e-8e70-49c0-aa33-3aeec1d5da22
                                    [apigw-requestid] => GYtyqjIwCfMEP1g=
                                )

                        )

                    [Body] => Webhook body is not logged unless WP_DEBUG mode is turned on. This is to avoid the storing of personal data in the logs.
                )

        )

)
2025-02-22T12:29:56+00:00 INFO Array
(
    [Webhook Delivery] => Array
        (
            [Delivery ID] => 185b1c6c67ebd444c3ddcb3216a50b2c
            [Date] => Feb 22, 2025 @ 12:29
            [URL] => https://saas.peacherp.com/PEACHWEB_WEB/UK/KineticCommerce/wc-peachwebhook.awp
            [Duration] => 0.7328
            [Request] => Array
                (
                    [Method] => POST
                    [Headers] => Array
                        (
                            [User-Agent] => WooCommerce/9.6.2 Hookshot (WordPress/6.7.2)
                            [Content-Type] => application/json
                            [X-WC-Webhook-Source] => https://www.peacherp.com/coach/
                            [X-WC-Webhook-Topic] => order.updated
                            [X-WC-Webhook-Resource] => order
                            [X-WC-Webhook-Event] => updated
                            [X-WC-Webhook-Signature] => d5sovLYN5g8xy6y9fdBoMSeThlZAvUwl7nAUVTCnNTY=
                            [X-WC-Webhook-ID] => 6
                            [X-WC-Webhook-Delivery-ID] => 185b1c6c67ebd444c3ddcb3216a50b2c
                        )

                )

            [Body] => Webhook body is not logged unless WP_DEBUG mode is turned on. This is to avoid the storing of personal data in the logs.
            [Response] => Array
                (
                    [Code] => 200
                    [Message] => OK
                    [Headers] => WpOrg\Requests\Utility\CaseInsensitiveDictionary Object
                        (
                            [data:protected] => Array
                                (
                                    [cache-control] => no-cache
                                    [pragma] => no-cache
                                    [content-type] => text/html; charset=utf-8
                                    [content-encoding] => gzip
                                    [expires] => Thu, 01 Dec 1998 16:00:00 GMT
                                    [vary] => Accept-Encoding
                                    [server] => Microsoft-IIS/10.0
                                    [date] => Sat, 22 Feb 2025 12:29:55 GMT
                                )

                        )

                    [Body] => Webhook body is not logged unless WP_DEBUG mode is turned on. This is to avoid the storing of personal data in the logs.
                )

        )

)
2025-02-22T12:29:57+00:00 INFO Array
(
    [Webhook Delivery] => Array
        (
            [Delivery ID] => f6ab283fd086163b520789857667d42c
            [Date] => Feb 22, 2025 @ 12:29
            [URL] => https://api.sandbox.bobgo.co.za/webhook/channel?channel=f22cff93-8915-416d-bdd7-1553e529219c
            [Duration] => 0.51755
            [Request] => Array
                (
                    [Method] => POST
                    [Headers] => Array
                        (
                            [User-Agent] => WooCommerce/9.6.2 Hookshot (WordPress/6.7.2)
                            [Content-Type] => application/json
                            [X-WC-Webhook-Source] => https://www.peacherp.com/coach/
                            [X-WC-Webhook-Topic] => order.updated
                            [X-WC-Webhook-Resource] => order
                            [X-WC-Webhook-Event] => updated
                            [X-WC-Webhook-Signature] => hO5nY3p1D8Ifrf9AEJRmzZGTUKsXOuxendJbRcgs39U=
                            [X-WC-Webhook-ID] => 3
                            [X-WC-Webhook-Delivery-ID] => f6ab283fd086163b520789857667d42c
                        )

                )

            [Body] => Webhook body is not logged unless WP_DEBUG mode is turned on. This is to avoid the storing of personal data in the logs.
            [Response] => Array
                (
                    [Code] => 200
                    [Message] => OK
                    [Headers] => WpOrg\Requests\Utility\CaseInsensitiveDictionary Object
                        (
                            [data:protected] => Array
                                (
                                    [date] => Sat, 22 Feb 2025 12:29:57 GMT
                                    [content-type] => application/json
                                    [content-length] => 4
                                    [x-request-id] => d4b1a998-cbfe-4389-b5af-cd812e205176
                                    [bob-go-request-id] => d4b1a998-cbfe-4389-b5af-cd812e205176
                                    [apigw-requestid] => GYty4hCaCfMEPhA=
                                )

                        )

                    [Body] => Webhook body is not logged unless WP_DEBUG mode is turned on. This is to avoid the storing of personal data in the logs.
                )

        )

)
2025-02-22T13:10:43+00:00 INFO Array
(
    [Webhook Delivery] => Array
        (
            [Delivery ID] => 4d38a21bf759e4defca656d568a01a18
            [Date] => Feb 22, 2025 @ 13:10
            [URL] => https://saas.peacherp.com/PEACHWEB_WEB/UK/KineticCommerce/wc-peachwebhook.awp
            [Duration] => 0.85761
            [Request] => Array
                (
                    [Method] => POST
                    [Headers] => Array
                        (
                            [User-Agent] => WooCommerce/9.6.2 Hookshot (WordPress/6.7.2)
                            [Content-Type] => application/json
                            [X-WC-Webhook-Source] => https://www.peacherp.com/coach/
                            [X-WC-Webhook-Topic] => order.updated
                            [X-WC-Webhook-Resource] => order
                            [X-WC-Webhook-Event] => updated
                            [X-WC-Webhook-Signature] => mgdfPR6ywghCCvXyS1mBAdEg3bF4A3T1Q9n2NXWKEes=
                            [X-WC-Webhook-ID] => 6
                            [X-WC-Webhook-Delivery-ID] => 4d38a21bf759e4defca656d568a01a18
                        )

                )

            [Body] => Webhook body is not logged unless WP_DEBUG mode is turned on. This is to avoid the storing of personal data in the logs.
            [Response] => Array
                (
                    [Code] => 200
                    [Message] => OK
                    [Headers] => WpOrg\Requests\Utility\CaseInsensitiveDictionary Object
                        (
                            [data:protected] => Array
                                (
                                    [cache-control] => no-cache
                                    [pragma] => no-cache
                                    [content-type] => text/html; charset=utf-8
                                    [content-encoding] => gzip
                                    [expires] => Thu, 01 Dec 1998 16:00:00 GMT
                                    [vary] => Accept-Encoding
                                    [server] => Microsoft-IIS/10.0
                                    [date] => Sat, 22 Feb 2025 13:10:43 GMT
                                )

                        )

                    [Body] => Webhook body is not logged unless WP_DEBUG mode is turned on. This is to avoid the storing of personal data in the logs.
                )

        )

)
2025-02-22T13:10:44+00:00 INFO Array
(
    [Webhook Delivery] => Array
        (
            [Delivery ID] => e53e4bc3cdc10f91305e6cca6db2cf8e
            [Date] => Feb 22, 2025 @ 13:10
            [URL] => https://api.sandbox.bobgo.co.za/webhook/channel?channel=f22cff93-8915-416d-bdd7-1553e529219c
            [Duration] => 0.51394
            [Request] => Array
                (
                    [Method] => POST
                    [Headers] => Array
                        (
                            [User-Agent] => WooCommerce/9.6.2 Hookshot (WordPress/6.7.2)
                            [Content-Type] => application/json
                            [X-WC-Webhook-Source] => https://www.peacherp.com/coach/
                            [X-WC-Webhook-Topic] => order.updated
                            [X-WC-Webhook-Resource] => order
                            [X-WC-Webhook-Event] => updated
                            [X-WC-Webhook-Signature] => jyU+7WYCUV1dLJ0tU2x2NZZ/mWb0khUsbzR2109JIko=
                            [X-WC-Webhook-ID] => 3
                            [X-WC-Webhook-Delivery-ID] => e53e4bc3cdc10f91305e6cca6db2cf8e
                        )

                )

            [Body] => Webhook body is not logged unless WP_DEBUG mode is turned on. This is to avoid the storing of personal data in the logs.
            [Response] => Array
                (
                    [Code] => 200
                    [Message] => OK
                    [Headers] => WpOrg\Requests\Utility\CaseInsensitiveDictionary Object
                        (
                            [data:protected] => Array
                                (
                                    [date] => Sat, 22 Feb 2025 13:10:44 GMT
                                    [content-type] => application/json
                                    [content-length] => 4
                                    [x-request-id] => 5835b406-9f6f-411c-a300-cefc50f935c6
                                    [bob-go-request-id] => 5835b406-9f6f-411c-a300-cefc50f935c6
                                    [apigw-requestid] => GYzxOgFAifMEMFA=
                                )

                        )

                    [Body] => Webhook body is not logged unless WP_DEBUG mode is turned on. This is to avoid the storing of personal data in the logs.
                )

        )

)
2025-02-22T13:10:44+00:00 INFO Array
(
    [Webhook Delivery] => Array
        (
            [Delivery ID] => 7aec6e41a8e1620575f04aad97a345f8
            [Date] => Feb 22, 2025 @ 13:10
            [URL] => https://api.sandbox.bobgo.co.za/webhook/channel?channel=f22cff93-8915-416d-bdd7-1553e529219c
            [Duration] => 0.50179
            [Request] => Array
                (
                    [Method] => POST
                    [Headers] => Array
                        (
                            [User-Agent] => WooCommerce/9.6.2 Hookshot (WordPress/6.7.2)
                            [Content-Type] => application/json
                            [X-WC-Webhook-Source] => https://www.peacherp.com/coach/
                            [X-WC-Webhook-Topic] => order.created
                            [X-WC-Webhook-Resource] => order
                            [X-WC-Webhook-Event] => created
                            [X-WC-Webhook-Signature] => CsKwfpvV54YRqofKoCtRm3KP8QpPv592+l1qO8hvam0=
                            [X-WC-Webhook-ID] => 2
                            [X-WC-Webhook-Delivery-ID] => 7aec6e41a8e1620575f04aad97a345f8
                        )

                )

            [Body] => Webhook body is not logged unless WP_DEBUG mode is turned on. This is to avoid the storing of personal data in the logs.
            [Response] => Array
                (
                    [Code] => 200
                    [Message] => OK
                    [Headers] => WpOrg\Requests\Utility\CaseInsensitiveDictionary Object
                        (
                            [data:protected] => Array
                                (
                                    [date] => Sat, 22 Feb 2025 13:10:44 GMT
                                    [content-type] => application/json
                                    [content-length] => 4
                                    [x-request-id] => 9f146fd7-7686-461e-a9cb-8cb393fa9919
                                    [bob-go-request-id] => 9f146fd7-7686-461e-a9cb-8cb393fa9919
                                    [apigw-requestid] => GYzxTgc9ifMEMsA=
                                )

                        )

                    [Body] => Webhook body is not logged unless WP_DEBUG mode is turned on. This is to avoid the storing of personal data in the logs.
                )

        )

)
2025-02-22T13:10:45+00:00 INFO Array
(
    [Webhook Delivery] => Array
        (
            [Delivery ID] => cb8a8bd7f40a99d564ef1c9d74e2de75
            [Date] => Feb 22, 2025 @ 13:10
            [URL] => https://saas.peacherp.com/PEACHWEB_WEB/UK/KineticCommerce/wc-peachwebhook.awp
            [Duration] => 0.75943
            [Request] => Array
                (
                    [Method] => POST
                    [Headers] => Array
                        (
                            [User-Agent] => WooCommerce/9.6.2 Hookshot (WordPress/6.7.2)
                            [Content-Type] => application/json
                            [X-WC-Webhook-Source] => https://www.peacherp.com/coach/
                            [X-WC-Webhook-Topic] => order.updated
                            [X-WC-Webhook-Resource] => order
                            [X-WC-Webhook-Event] => updated
                            [X-WC-Webhook-Signature] => fSV7eraNDUrajyke6hKprNdolAk98gvPjK8c3wlzs1k=
                            [X-WC-Webhook-ID] => 6
                            [X-WC-Webhook-Delivery-ID] => cb8a8bd7f40a99d564ef1c9d74e2de75
                        )

                )

            [Body] => Webhook body is not logged unless WP_DEBUG mode is turned on. This is to avoid the storing of personal data in the logs.
            [Response] => Array
                (
                    [Code] => 200
                    [Message] => OK
                    [Headers] => WpOrg\Requests\Utility\CaseInsensitiveDictionary Object
                        (
                            [data:protected] => Array
                                (
                                    [cache-control] => no-cache
                                    [pragma] => no-cache
                                    [content-type] => text/html; charset=utf-8
                                    [content-encoding] => gzip
                                    [expires] => Thu, 01 Dec 1998 16:00:00 GMT
                                    [vary] => Accept-Encoding
                                    [server] => Microsoft-IIS/10.0
                                    [date] => Sat, 22 Feb 2025 13:10:44 GMT
                                )

                        )

                    [Body] => Webhook body is not logged unless WP_DEBUG mode is turned on. This is to avoid the storing of personal data in the logs.
                )

        )

)
2025-02-22T13:10:46+00:00 INFO Array
(
    [Webhook Delivery] => Array
        (
            [Delivery ID] => 8ed3776ca1cb7fe379c2a067760fe955
            [Date] => Feb 22, 2025 @ 13:10
            [URL] => https://api.sandbox.bobgo.co.za/webhook/channel?channel=f22cff93-8915-416d-bdd7-1553e529219c
            [Duration] => 0.50168
            [Request] => Array
                (
                    [Method] => POST
                    [Headers] => Array
                        (
                            [User-Agent] => WooCommerce/9.6.2 Hookshot (WordPress/6.7.2)
                            [Content-Type] => application/json
                            [X-WC-Webhook-Source] => https://www.peacherp.com/coach/
                            [X-WC-Webhook-Topic] => order.updated
                            [X-WC-Webhook-Resource] => order
                            [X-WC-Webhook-Event] => updated
                            [X-WC-Webhook-Signature] => ffH8AtnrE47E7KhpkGCD2+gpwYvb7Et8FznF5SYevAM=
                            [X-WC-Webhook-ID] => 3
                            [X-WC-Webhook-Delivery-ID] => 8ed3776ca1cb7fe379c2a067760fe955
                        )

                )

            [Body] => Webhook body is not logged unless WP_DEBUG mode is turned on. This is to avoid the storing of personal data in the logs.
            [Response] => Array
                (
                    [Code] => 200
                    [Message] => OK
                    [Headers] => WpOrg\Requests\Utility\CaseInsensitiveDictionary Object
                        (
                            [data:protected] => Array
                                (
                                    [date] => Sat, 22 Feb 2025 13:10:46 GMT
                                    [content-type] => application/json
                                    [content-length] => 4
                                    [x-request-id] => 85972c6f-eec2-4679-ad3a-2f703391483a
                                    [bob-go-request-id] => 85972c6f-eec2-4679-ad3a-2f703391483a
                                    [apigw-requestid] => GYzxggFOCfMEMFA=
                                )

                        )

                    [Body] => Webhook body is not logged unless WP_DEBUG mode is turned on. This is to avoid the storing of personal data in the logs.
                )

        )

)
